[INFO] Scanning for projects...
[WARNING] 
[WARNING] Some problems were encountered while building the effective model for org.jboss.resteasy:resteasy-crypto:jar:3.0.0.Final
[WARNING] 'dependencies.dependency.(groupId:artifactId:type:classifier)' must be unique: javax.servlet:servlet-api:jar -> duplicate declaration of version (?) @ line 31, column 21
[WARNING] 
[WARNING] Some problems were encountered while building the effective model for org.jboss.resteasy:resteasy-spring:jar:3.0.0.Final
[WARNING] 'build.plugins.plugin.version' for org.apache.maven.plugins:maven-surefire-plugin is missing. @ line 164, column 21
[WARNING] 
[WARNING] Some problems were encountered while building the effective model for org.jboss.resteasy.test:test-filter-war:war:3.0.0.Final
[WARNING] 'build.plugins.plugin.version' for org.apache.maven.plugins:maven-surefire-plugin is missing. @ line 53, column 21
[WARNING] 
[WARNING] Some problems were encountered while building the effective model for org.jboss.resteasy.test:test-encoding-war:war:3.0.0.Final
[WARNING] 'build.plugins.plugin.version' for org.apache.maven.plugins:maven-surefire-plugin is missing. @ line 80, column 21
[WARNING] 
[WARNING] Some problems were encountered while building the effective model for org.jboss.resteasy.test:test-context-war:war:3.0.0.Final
[WARNING] 'build.plugins.plugin.version' for org.apache.maven.plugins:maven-surefire-plugin is missing. @ line 83, column 21
[WARNING] 
[WARNING] Some problems were encountered while building the effective model for org.jboss.resteasy:test-oauth-servlet-war:war:3.0.0.Final
[WARNING] 'build.plugins.plugin.version' for org.apache.maven.plugins:maven-surefire-plugin is missing. @ line 89, column 21
[WARNING] 
[WARNING] Some problems were encountered while building the effective model for org.jboss.resteasy.test:test-application-war:war:3.0.0.Final
[WARNING] 'build.plugins.plugin.version' for org.apache.maven.plugins:maven-surefire-plugin is missing. @ line 92, column 21
[WARNING] 
[WARNING] Some problems were encountered while building the effective model for org.jboss.resteasy:async-pubsub-example:war:3.0.0.Final
[WARNING] 'build.plugins.plugin.version' for org.apache.maven.plugins:maven-surefire-plugin is missing. @ line 76, column 21
[WARNING] 
[WARNING] Some problems were encountered while building the effective model for org.jboss.resteasy.examples:examples-guice-hello:war:3.0.0.Final
[WARNING] 'build.plugins.plugin.version' for org.apache.maven.plugins:maven-compiler-plugin is missing. @ line 112, column 21
[WARNING] 'build.plugins.plugin.version' for org.apache.maven.plugins:maven-deploy-plugin is missing. @ line 47, column 21
[WARNING] 'build.plugins.plugin.version' for org.apache.maven.plugins:maven-surefire-plugin is missing. @ line 93, column 21
[WARNING] 
[WARNING] Some problems were encountered while building the effective model for org.jboss.resteasy.examples:examples-async-job-service:war:3.0.0.Final
[WARNING] 'build.plugins.plugin.version' for org.apache.maven.plugins:maven-compiler-plugin is missing. @ line 113, column 21
[WARNING] 'build.plugins.plugin.version' for org.apache.maven.plugins:maven-deploy-plugin is missing. @ line 48, column 21
[WARNING] 'build.plugins.plugin.version' for org.apache.maven.plugins:maven-surefire-plugin is missing. @ line 94, column 21
[WARNING] 
[WARNING] Some problems were encountered while building the effective model for org.jboss.resteasy.examples:examples-resteasy-springMVC:war:3.0.0.Final
[WARNING] 'build.plugins.plugin.version' for org.apache.maven.plugins:maven-compiler-plugin is missing. @ line 97, column 21
[WARNING] 'build.plugins.plugin.version' for org.apache.maven.plugins:maven-deploy-plugin is missing. @ line 81, column 21
[WARNING] 
[WARNING] Some problems were encountered while building the effective model for com.oreilly.rest.workbook:workbook-ex03_1:war:1.0
[WARNING] 'build.plugins.plugin.version' for org.apache.maven.plugins:maven-compiler-plugin is missing. @ line 35, column 21
[WARNING] 'build.plugins.plugin.version' for org.apache.maven.plugins:maven-deploy-plugin is missing. @ com.oreilly.rest.workbook:workbook-pom:1.0, /home/rsigal/git.master.new/Resteasy/jaxrs/examples/oreilly-workbook/pom.xml, line 35, column 21
[WARNING] 'build.plugins.plugin.version' for org.apache.maven.plugins:maven-surefire-plugin is missing. @ line 43, column 21
[WARNING] 
[WARNING] Some problems were encountered while building the effective model for com.oreilly.rest.workbook:workbook-ex04_1:war:1.0
[WARNING] 'build.plugins.plugin.version' for org.apache.maven.plugins:maven-compiler-plugin is missing. @ line 40, column 21
[WARNING] 'build.plugins.plugin.version' for org.apache.maven.plugins:maven-deploy-plugin is missing. @ com.oreilly.rest.workbook:workbook-pom:1.0, /home/rsigal/git.master.new/Resteasy/jaxrs/examples/oreilly-workbook/pom.xml, line 35, column 21
[WARNING] 'build.plugins.plugin.version' for org.apache.maven.plugins:maven-surefire-plugin is missing. @ line 48, column 21
[WARNING] 
[WARNING] Some problems were encountered while building the effective model for com.oreilly.rest.workbook:workbook-ex04_2:war:1.0
[WARNING] 'build.plugins.plugin.version' for org.apache.maven.plugins:maven-compiler-plugin is missing. @ line 35, column 21
[WARNING] 'build.plugins.plugin.version' for org.apache.maven.plugins:maven-deploy-plugin is missing. @ com.oreilly.rest.workbook:workbook-pom:1.0, /home/rsigal/git.master.new/Resteasy/jaxrs/examples/oreilly-workbook/pom.xml, line 35, column 21
[WARNING] 'build.plugins.plugin.version' for org.apache.maven.plugins:maven-surefire-plugin is missing. @ line 43, column 21
[WARNING] 
[WARNING] Some problems were encountered while building the effective model for com.oreilly.rest.workbook:workbook-ex04_3:war:1.0
[WARNING] 'build.plugins.plugin.version' for org.apache.maven.plugins:maven-compiler-plugin is missing. @ line 35, column 21
[WARNING] 'build.plugins.plugin.version' for org.apache.maven.plugins:maven-deploy-plugin is missing. @ com.oreilly.rest.workbook:workbook-pom:1.0, /home/rsigal/git.master.new/Resteasy/jaxrs/examples/oreilly-workbook/pom.xml, line 35, column 21
[WARNING] 'build.plugins.plugin.version' for org.apache.maven.plugins:maven-surefire-plugin is missing. @ line 43, column 21
[WARNING] 
[WARNING] Some problems were encountered while building the effective model for com.oreilly.rest.workbook:workbook-ex05_1:war:1.0
[WARNING] 'build.plugins.plugin.version' for org.apache.maven.plugins:maven-compiler-plugin is missing. @ line 40, column 21
[WARNING] 'build.plugins.plugin.version' for org.apache.maven.plugins:maven-deploy-plugin is missing. @ com.oreilly.rest.workbook:workbook-pom:1.0, /home/rsigal/git.master.new/Resteasy/jaxrs/examples/oreilly-workbook/pom.xml, line 35, column 21
[WARNING] 'build.plugins.plugin.version' for org.apache.maven.plugins:maven-surefire-plugin is missing. @ line 48, column 21
[WARNING] 
[WARNING] Some problems were encountered while building the effective model for com.oreilly.rest.workbook:workbook-ex05_2:war:1.0
[WARNING] 'build.plugins.plugin.version' for org.apache.maven.plugins:maven-compiler-plugin is missing. @ line 40, column 21
[WARNING] 'build.plugins.plugin.version' for org.apache.maven.plugins:maven-deploy-plugin is missing. @ com.oreilly.rest.workbook:workbook-pom:1.0, /home/rsigal/git.master.new/Resteasy/jaxrs/examples/oreilly-workbook/pom.xml, line 35, column 21
[WARNING] 'build.plugins.plugin.version' for org.apache.maven.plugins:maven-surefire-plugin is missing. @ line 48, column 21
[WARNING] 
[WARNING] Some problems were encountered while building the effective model for com.oreilly.rest.workbook:workbook-ex06_1:war:1.0
[WARNING] 'build.plugins.plugin.version' for org.apache.maven.plugins:maven-compiler-plugin is missing. @ line 40, column 21
[WARNING] 'build.plugins.plugin.version' for org.apache.maven.plugins:maven-deploy-plugin is missing. @ com.oreilly.rest.workbook:workbook-pom:1.0, /home/rsigal/git.master.new/Resteasy/jaxrs/examples/oreilly-workbook/pom.xml, line 35, column 21
[WARNING] 'build.plugins.plugin.version' for org.apache.maven.plugins:maven-surefire-plugin is missing. @ line 48, column 21
[WARNING] 
[WARNING] Some problems were encountered while building the effective model for com.oreilly.rest.workbook:workbook-ex06_2:war:1.0
[WARNING] 'build.plugins.plugin.version' for org.apache.maven.plugins:maven-compiler-plugin is missing. @ line 35, column 21
[WARNING] 'build.plugins.plugin.version' for org.apache.maven.plugins:maven-deploy-plugin is missing. @ com.oreilly.rest.workbook:workbook-pom:1.0, /home/rsigal/git.master.new/Resteasy/jaxrs/examples/oreilly-workbook/pom.xml, line 35, column 21
[WARNING] 'build.plugins.plugin.version' for org.apache.maven.plugins:maven-surefire-plugin is missing. @ line 43, column 21
[WARNING] 
[WARNING] Some problems were encountered while building the effective model for com.oreilly.rest.workbook:workbook-ex07_1:war:1.0
[WARNING] 'build.plugins.plugin.version' for org.apache.maven.plugins:maven-compiler-plugin is missing. @ line 40, column 21
[WARNING] 'build.plugins.plugin.version' for org.apache.maven.plugins:maven-deploy-plugin is missing. @ com.oreilly.rest.workbook:workbook-pom:1.0, /home/rsigal/git.master.new/Resteasy/jaxrs/examples/oreilly-workbook/pom.xml, line 35, column 21
[WARNING] 'build.plugins.plugin.version' for org.apache.maven.plugins:maven-surefire-plugin is missing. @ line 48, column 21
[WARNING] 
[WARNING] Some problems were encountered while building the effective model for com.oreilly.rest.workbook:workbook-ex08_1:war:1.0
[WARNING] 'build.plugins.plugin.version' for org.apache.maven.plugins:maven-compiler-plugin is missing. @ line 40, column 21
[WARNING] 'build.plugins.plugin.version' for org.apache.maven.plugins:maven-deploy-plugin is missing. @ com.oreilly.rest.workbook:workbook-pom:1.0, /home/rsigal/git.master.new/Resteasy/jaxrs/examples/oreilly-workbook/pom.xml, line 35, column 21
[WARNING] 'build.plugins.plugin.version' for org.apache.maven.plugins:maven-surefire-plugin is missing. @ line 48, column 21
[WARNING] 
[WARNING] Some problems were encountered while building the effective model for com.oreilly.rest.workbook:workbook-ex08_2:war:1.0
[WARNING] 'build.plugins.plugin.version' for org.apache.maven.plugins:maven-compiler-plugin is missing. @ line 40, column 21
[WARNING] 'build.plugins.plugin.version' for org.apache.maven.plugins:maven-deploy-plugin is missing. @ com.oreilly.rest.workbook:workbook-pom:1.0, /home/rsigal/git.master.new/Resteasy/jaxrs/examples/oreilly-workbook/pom.xml, line 35, column 21
[WARNING] 'build.plugins.plugin.version' for org.apache.maven.plugins:maven-surefire-plugin is missing. @ line 48, column 21
[WARNING] 
[WARNING] Some problems were encountered while building the effective model for com.oreilly.rest.workbook:workbook-ex09_1:war:1.0
[WARNING] 'build.plugins.plugin.version' for org.apache.maven.plugins:maven-compiler-plugin is missing. @ line 40, column 21
[WARNING] 'build.plugins.plugin.version' for org.apache.maven.plugins:maven-deploy-plugin is missing. @ com.oreilly.rest.workbook:workbook-pom:1.0, /home/rsigal/git.master.new/Resteasy/jaxrs/examples/oreilly-workbook/pom.xml, line 35, column 21
[WARNING] 'build.plugins.plugin.version' for org.apache.maven.plugins:maven-surefire-plugin is missing. @ line 48, column 21
[WARNING] 
[WARNING] Some problems were encountered while building the effective model for com.oreilly.rest.workbook:workbook-ex09_2:war:1.0
[WARNING] 'build.plugins.plugin.version' for org.apache.maven.plugins:maven-compiler-plugin is missing. @ line 40, column 21
[WARNING] 'build.plugins.plugin.version' for org.apache.maven.plugins:maven-deploy-plugin is missing. @ com.oreilly.rest.workbook:workbook-pom:1.0, /home/rsigal/git.master.new/Resteasy/jaxrs/examples/oreilly-workbook/pom.xml, line 35, column 21
[WARNING] 'build.plugins.plugin.version' for org.apache.maven.plugins:maven-surefire-plugin is missing. @ line 48, column 21
[WARNING] 
[WARNING] Some problems were encountered while building the effective model for com.oreilly.rest.workbook:workbook-ex10_1:war:1.0
[WARNING] 'build.plugins.plugin.version' for org.apache.maven.plugins:maven-compiler-plugin is missing. @ line 40, column 21
[WARNING] 'build.plugins.plugin.version' for org.apache.maven.plugins:maven-deploy-plugin is missing. @ com.oreilly.rest.workbook:workbook-pom:1.0, /home/rsigal/git.master.new/Resteasy/jaxrs/examples/oreilly-workbook/pom.xml, line 35, column 21
[WARNING] 'build.plugins.plugin.version' for org.apache.maven.plugins:maven-surefire-plugin is missing. @ line 48, column 21
[WARNING] 
[WARNING] Some problems were encountered while building the effective model for com.oreilly.rest.workbook:workbook-ex11_2:war:1.0
[WARNING] 'build.plugins.plugin.version' for org.apache.maven.plugins:maven-compiler-plugin is missing. @ line 94, column 21
[WARNING] 'build.plugins.plugin.version' for org.apache.maven.plugins:maven-deploy-plugin is missing. @ com.oreilly.rest.workbook:workbook-pom:1.0, /home/rsigal/git.master.new/Resteasy/jaxrs/examples/oreilly-workbook/pom.xml, line 35, column 21
[WARNING] 'build.plugins.plugin.version' for org.apache.maven.plugins:maven-surefire-plugin is missing. @ line 102, column 21
[WARNING] 
[WARNING] Some problems were encountered while building the effective model for com.oreilly.rest.workbook:workbook-pom:pom:1.0
[WARNING] 'build.plugins.plugin.version' for org.apache.maven.plugins:maven-deploy-plugin is missing. @ line 35, column 21
[WARNING] 
[WARNING] Some problems were encountered while building the effective model for org.jboss.resteasy.examples:examples-oauth-provider:jar:3.0.0.Final
[WARNING] 'build.plugins.plugin.version' for org.apache.maven.plugins:maven-compiler-plugin is missing. @ line 68, column 21
[WARNING] 'build.plugins.plugin.version' for org.apache.maven.plugins:maven-deploy-plugin is missing. @ line 61, column 21
[WARNING] 
[WARNING] Some problems were encountered while building the effective model for org.jboss.resteasy.examples:examples-oauth:war:3.0.0.Final
[WARNING] 'build.plugins.plugin.version' for org.apache.maven.plugins:maven-compiler-plugin is missing. @ line 133, column 21
[WARNING] 'build.plugins.plugin.version' for org.apache.maven.plugins:maven-deploy-plugin is missing. @ line 95, column 21
[WARNING] 
[WARNING] Some problems were encountered while building the effective model for org.jboss.resteasy.examples:examples-oauth-push-messaging:war:3.0.0.Final
[WARNING] 'build.plugins.plugin.version' for org.apache.maven.plugins:maven-compiler-plugin is missing. @ line 122, column 21
[WARNING] 'build.plugins.plugin.version' for org.apache.maven.plugins:maven-deploy-plugin is missing. @ line 84, column 21
[WARNING] 
[WARNING] Some problems were encountered while building the effective model for org.jboss.resteasy.examples:examples-oauth-push-messaging-sso:war:3.0.0.Final
[WARNING] 'build.plugins.plugin.version' for org.apache.maven.plugins:maven-compiler-plugin is missing. @ line 130, column 21
[WARNING] 'build.plugins.plugin.version' for org.apache.maven.plugins:maven-deploy-plugin is missing. @ line 98, column 21
[WARNING] 
[WARNING] Some problems were encountered while building the effective model for org.jboss.resteasy.examples:examples-oauth-push-messaging-openid-provider:war:3.0.0.Final
[WARNING] 'build.plugins.plugin.version' for org.apache.maven.plugins:maven-compiler-plugin is missing. @ line 111, column 21
[WARNING] 'build.plugins.plugin.version' for org.apache.maven.plugins:maven-deploy-plugin is missing. @ line 71, column 21
[WARNING] 'build.plugins.plugin.version' for org.apache.maven.plugins:maven-war-plugin is missing. @ line 120, column 21
[WARNING] 
[WARNING] Some problems were encountered while building the effective model for org.jboss.resteasy.examples:examples-oauth-no-filter:war:3.0.0.Final
[WARNING] 'build.plugins.plugin.version' for org.apache.maven.plugins:maven-compiler-plugin is missing. @ line 98, column 21
[WARNING] 'build.plugins.plugin.version' for org.apache.maven.plugins:maven-deploy-plugin is missing. @ line 91, column 21
[WARNING] 
[WARNING] Some problems were encountered while building the effective model for org.jboss.resteasy.examples:examples-oauth-authenticator:jar:3.0.0.Final
[WARNING] 'build.plugins.plugin.version' for org.apache.maven.plugins:maven-compiler-plugin is missing. @ line 102, column 21
[WARNING] 'build.plugins.plugin.version' for org.apache.maven.plugins:maven-deploy-plugin is missing. @ line 95, column 21
[WARNING] 
[WARNING] Some problems were encountered while building the effective model for org.jboss.resteasy.test:smime-example:war:3.0.0.Final
[WARNING] 'build.plugins.plugin.version' for org.apache.maven.plugins:maven-surefire-plugin is missing. @ line 90, column 21
[WARNING] 
[WARNING] Some problems were encountered while building the effective model for org.jboss.resteasy.test:doseta-no-dns-example:war:3.0.0.Final
[WARNING] 'build.plugins.plugin.version' for org.apache.maven.plugins:maven-surefire-plugin is missing. @ line 90, column 21
[WARNING] 
[WARNING] Some problems were encountered while building the effective model for org.jboss.resteasy.test:doseta-use-dns-example:war:3.0.0.Final
[WARNING] 'build.plugins.plugin.version' for org.apache.maven.plugins:maven-surefire-plugin is missing. @ line 91, column 21
[WARNING] 
[WARNING] Some problems were encountered while building the effective model for org.jboss.resteasy.test:simple-jaxrs2-client:war:3.0.0.Final
[WARNING] 'build.plugins.plugin.version' for org.apache.maven.plugins:maven-surefire-plugin is missing. @ line 90, column 21
[WARNING] 
[WARNING] Some problems were encountered while building the effective model for org.jboss.resteasy.test:server-async-http:war:3.0.0.Final
[WARNING] 'build.plugins.plugin.version' for org.apache.maven.plugins:maven-surefire-plugin is missing. @ line 79, column 21
[WARNING] 
[WARNING] Some problems were encountered while building the effective model for org.jboss.resteasy:async-http-servlet-3.0-test:war:3.0.0.Final
[WARNING] 'build.plugins.plugin.version' for org.apache.maven.plugins:maven-surefire-plugin is missing. @ line 81, column 21
[WARNING] 
[WARNING] It is highly recommended to fix these problems because they threaten the stability of your build.
[WARNING] 
[WARNING] For this reason, future Maven versions might no longer support building such malformed projects.
[WARNING] 
[INFO] ------------------------------------------------------------------------
[INFO] Reactor Build Order:
[INFO] 
[INFO] Simple Example Secure Application via Valve
[INFO] Simple Example Secure Application via Valve
[INFO] Simple OAuth Client
[INFO] Simple Client Token Grant Example
[INFO] Resteasy Skeleton Key Examples POM
[INFO] Example: JS-API
[INFO] smime-example
[INFO] doseta-no-dns-example
[INFO] doseta-use-dns-example
[INFO] Resteasy Examples
[INFO] doseta-no-dns-example
[INFO] chat
[INFO] Resteasy Examples
[INFO] Async HTTP Servlet 3.0 Test
[INFO] Async Http JBossWeb
[INFO] Resteasy JBoss Modules
[INFO] Heaving Profiling Tests
[INFO]                                                                         
[INFO] ------------------------------------------------------------------------
[INFO] Building Simple Example Secure Application via Valve 3.0.0.Final
[INFO] ------------------------------------------------------------------------
[INFO] 
[INFO] --- maven-clean-plugin:2.4.1:clean (default-clean) @ customer-portal-example ---
[INFO] Deleting /home/rsigal/git.master.new/Resteasy/jaxrs/examples/oauth2-as7-example/wars/customer-app/target
[INFO] 
[INFO] --- maven-resources-plugin:2.5:resources (default-resources) @ customer-portal-example ---
[debug] execute contextualize
[WARNING] Using platform encoding (UTF-8 actually) to copy filtered resources, i.e. build is platform dependent!
[INFO] skip non existing resourceDirectory /home/rsigal/git.master.new/Resteasy/jaxrs/examples/oauth2-as7-example/wars/customer-app/src/main/resources
[INFO] 
[INFO] --- maven-compiler-plugin:2.3.1:compile (default-compile) @ customer-portal-example ---
[INFO] Compiling 1 source file to /home/rsigal/git.master.new/Resteasy/jaxrs/examples/oauth2-as7-example/wars/customer-app/target/classes
[INFO] 
[INFO] --- maven-resources-plugin:2.5:testResources (default-testResources) @ customer-portal-example ---
[debug] execute contextualize
[WARNING] Using platform encoding (UTF-8 actually) to copy filtered resources, i.e. build is platform dependent!
[INFO] skip non existing resourceDirectory /home/rsigal/git.master.new/Resteasy/jaxrs/examples/oauth2-as7-example/wars/customer-app/src/test/resources
[INFO] 
[INFO] --- maven-compiler-plugin:2.3.1:testCompile (default-testCompile) @ customer-portal-example ---
[INFO] No sources to compile
[INFO] 
[INFO] --- maven-surefire-plugin:2.10:test (default-test) @ customer-portal-example ---
[INFO] No tests to run.
[INFO] Surefire report directory: /home/rsigal/git.master.new/Resteasy/jaxrs/examples/oauth2-as7-example/wars/customer-app/target/surefire-reports

-------------------------------------------------------
 T E S T S
-------------------------------------------------------

Results :

Tests run: 0, Failures: 0, Errors: 0, Skipped: 0

[INFO] 
[INFO] --- maven-war-plugin:2.1.1:war (default-war) @ customer-portal-example ---
[INFO] Packaging webapp
[INFO] Assembling webapp [customer-portal-example] in [/home/rsigal/git.master.new/Resteasy/jaxrs/examples/oauth2-as7-example/wars/customer-app/target/customer-portal]
[INFO] Processing war project
[INFO] Copying webapp resources [/home/rsigal/git.master.new/Resteasy/jaxrs/examples/oauth2-as7-example/wars/customer-app/src/main/webapp]
[INFO] Webapp assembled in [24 msecs]
[INFO] Building war: /home/rsigal/git.master.new/Resteasy/jaxrs/examples/oauth2-as7-example/wars/customer-app/target/customer-portal.war
[INFO] WEB-INF/web.xml already added, skipping
[INFO] 
[INFO] >>> maven-source-plugin:2.1.2:jar (default) @ customer-portal-example >>>
[INFO] 
[INFO] <<< maven-source-plugin:2.1.2:jar (default) @ customer-portal-example <<<
[INFO] 
[INFO] --- maven-source-plugin:2.1.2:jar (default) @ customer-portal-example ---
[INFO] Building jar: /home/rsigal/git.master.new/Resteasy/jaxrs/examples/oauth2-as7-example/wars/customer-app/target/customer-portal-sources.jar
[INFO] 
[INFO] --- maven-install-plugin:2.3.1:install (default-install) @ customer-portal-example ---
[INFO] Installing /home/rsigal/git.master.new/Resteasy/jaxrs/examples/oauth2-as7-example/wars/customer-app/target/customer-portal.war to /home/rsigal/.m2/repository/org/jboss/resteasy/example/oauth/customer-portal-example/3.0.0.Final/customer-portal-example-3.0.0.Final.war
[INFO] Installing /home/rsigal/git.master.new/Resteasy/jaxrs/examples/oauth2-as7-example/wars/customer-app/pom.xml to /home/rsigal/.m2/repository/org/jboss/resteasy/example/oauth/customer-portal-example/3.0.0.Final/customer-portal-example-3.0.0.Final.pom
[INFO] Installing /home/rsigal/git.master.new/Resteasy/jaxrs/examples/oauth2-as7-example/wars/customer-app/target/customer-portal-sources.jar to /home/rsigal/.m2/repository/org/jboss/resteasy/example/oauth/customer-portal-example/3.0.0.Final/customer-portal-example-3.0.0.Final-sources.jar
[INFO]                                                                         
[INFO] ------------------------------------------------------------------------
[INFO] Building Simple Example Secure Application via Valve 3.0.0.Final
[INFO] ------------------------------------------------------------------------
[INFO] 
[INFO] --- maven-clean-plugin:2.4.1:clean (default-clean) @ product-portal-example ---
[INFO] Deleting /home/rsigal/git.master.new/Resteasy/jaxrs/examples/oauth2-as7-example/wars/product-app/target
[INFO] 
[INFO] --- maven-resources-plugin:2.5:resources (default-resources) @ product-portal-example ---
[debug] execute contextualize
[WARNING] Using platform encoding (UTF-8 actually) to copy filtered resources, i.e. build is platform dependent!
[INFO] skip non existing resourceDirectory /home/rsigal/git.master.new/Resteasy/jaxrs/examples/oauth2-as7-example/wars/product-app/src/main/resources
[INFO] 
[INFO] --- maven-compiler-plugin:2.3.1:compile (default-compile) @ product-portal-example ---
[INFO] Compiling 1 source file to /home/rsigal/git.master.new/Resteasy/jaxrs/examples/oauth2-as7-example/wars/product-app/target/classes
[INFO] 
[INFO] --- maven-resources-plugin:2.5:testResources (default-testResources) @ product-portal-example ---
[debug] execute contextualize
[WARNING] Using platform encoding (UTF-8 actually) to copy filtered resources, i.e. build is platform dependent!
[INFO] skip non existing resourceDirectory /home/rsigal/git.master.new/Resteasy/jaxrs/examples/oauth2-as7-example/wars/product-app/src/test/resources
[INFO] 
[INFO] --- maven-compiler-plugin:2.3.1:testCompile (default-testCompile) @ product-portal-example ---
[INFO] No sources to compile
[INFO] 
[INFO] --- maven-surefire-plugin:2.10:test (default-test) @ product-portal-example ---
[INFO] No tests to run.
[INFO] Surefire report directory: /home/rsigal/git.master.new/Resteasy/jaxrs/examples/oauth2-as7-example/wars/product-app/target/surefire-reports

-------------------------------------------------------
 T E S T S
-------------------------------------------------------

Results :

Tests run: 0, Failures: 0, Errors: 0, Skipped: 0

[INFO] 
[INFO] --- maven-war-plugin:2.1.1:war (default-war) @ product-portal-example ---
[INFO] Packaging webapp
[INFO] Assembling webapp [product-portal-example] in [/home/rsigal/git.master.new/Resteasy/jaxrs/examples/oauth2-as7-example/wars/product-app/target/product-portal]
[INFO] Processing war project
[INFO] Copying webapp resources [/home/rsigal/git.master.new/Resteasy/jaxrs/examples/oauth2-as7-example/wars/product-app/src/main/webapp]
[INFO] Webapp assembled in [5 msecs]
[INFO] Building war: /home/rsigal/git.master.new/Resteasy/jaxrs/examples/oauth2-as7-example/wars/product-app/target/product-portal.war
[INFO] WEB-INF/web.xml already added, skipping
[INFO] 
[INFO] >>> maven-source-plugin:2.1.2:jar (default) @ product-portal-example >>>
[INFO] 
[INFO] <<< maven-source-plugin:2.1.2:jar (default) @ product-portal-example <<<
[INFO] 
[INFO] --- maven-source-plugin:2.1.2:jar (default) @ product-portal-example ---
[INFO] Building jar: /home/rsigal/git.master.new/Resteasy/jaxrs/examples/oauth2-as7-example/wars/product-app/target/product-portal-sources.jar
[INFO] 
[INFO] --- maven-install-plugin:2.3.1:install (default-install) @ product-portal-example ---
[INFO] Installing /home/rsigal/git.master.new/Resteasy/jaxrs/examples/oauth2-as7-example/wars/product-app/target/product-portal.war to /home/rsigal/.m2/repository/org/jboss/resteasy/example/oauth/product-portal-example/3.0.0.Final/product-portal-example-3.0.0.Final.war
[INFO] Installing /home/rsigal/git.master.new/Resteasy/jaxrs/examples/oauth2-as7-example/wars/product-app/pom.xml to /home/rsigal/.m2/repository/org/jboss/resteasy/example/oauth/product-portal-example/3.0.0.Final/product-portal-example-3.0.0.Final.pom
[INFO] Installing /home/rsigal/git.master.new/Resteasy/jaxrs/examples/oauth2-as7-example/wars/product-app/target/product-portal-sources.jar to /home/rsigal/.m2/repository/org/jboss/resteasy/example/oauth/product-portal-example/3.0.0.Final/product-portal-example-3.0.0.Final-sources.jar
[INFO]                                                                         
[INFO] ------------------------------------------------------------------------
[INFO] Building Simple OAuth Client 3.0.0.Final
[INFO] ------------------------------------------------------------------------
[INFO] 
[INFO] --- maven-clean-plugin:2.4.1:clean (default-clean) @ oauth-client-example ---
[INFO] Deleting /home/rsigal/git.master.new/Resteasy/jaxrs/examples/oauth2-as7-example/wars/third-party/target
[INFO] 
[INFO] --- maven-resources-plugin:2.5:resources (default-resources) @ oauth-client-example ---
[debug] execute contextualize
[WARNING] Using platform encoding (UTF-8 actually) to copy filtered resources, i.e. build is platform dependent!
[INFO] skip non existing resourceDirectory /home/rsigal/git.master.new/Resteasy/jaxrs/examples/oauth2-as7-example/wars/third-party/src/main/resources
[INFO] 
[INFO] --- maven-compiler-plugin:2.3.1:compile (default-compile) @ oauth-client-example ---
[INFO] Compiling 2 source files to /home/rsigal/git.master.new/Resteasy/jaxrs/examples/oauth2-as7-example/wars/third-party/target/classes
[INFO] 
[INFO] --- maven-resources-plugin:2.5:testResources (default-testResources) @ oauth-client-example ---
[debug] execute contextualize
[WARNING] Using platform encoding (UTF-8 actually) to copy filtered resources, i.e. build is platform dependent!
[INFO] skip non existing resourceDirectory /home/rsigal/git.master.new/Resteasy/jaxrs/examples/oauth2-as7-example/wars/third-party/src/test/resources
[INFO] 
[INFO] --- maven-compiler-plugin:2.3.1:testCompile (default-testCompile) @ oauth-client-example ---
[INFO] No sources to compile
[INFO] 
[INFO] --- maven-surefire-plugin:2.10:test (default-test) @ oauth-client-example ---
[INFO] No tests to run.
[INFO] Surefire report directory: /home/rsigal/git.master.new/Resteasy/jaxrs/examples/oauth2-as7-example/wars/third-party/target/surefire-reports

-------------------------------------------------------
 T E S T S
-------------------------------------------------------

Results :

Tests run: 0, Failures: 0, Errors: 0, Skipped: 0

[INFO] 
[INFO] --- maven-war-plugin:2.1.1:war (default-war) @ oauth-client-example ---
[INFO] Packaging webapp
[INFO] Assembling webapp [oauth-client-example] in [/home/rsigal/git.master.new/Resteasy/jaxrs/examples/oauth2-as7-example/wars/third-party/target/oauth-client]
[INFO] Processing war project
[INFO] Copying webapp resources [/home/rsigal/git.master.new/Resteasy/jaxrs/examples/oauth2-as7-example/wars/third-party/src/main/webapp]
[INFO] Webapp assembled in [4 msecs]
[INFO] Building war: /home/rsigal/git.master.new/Resteasy/jaxrs/examples/oauth2-as7-example/wars/third-party/target/oauth-client.war
[INFO] WEB-INF/web.xml already added, skipping
[INFO] 
[INFO] >>> maven-source-plugin:2.1.2:jar (default) @ oauth-client-example >>>
[INFO] 
[INFO] <<< maven-source-plugin:2.1.2:jar (default) @ oauth-client-example <<<
[INFO] 
[INFO] --- maven-source-plugin:2.1.2:jar (default) @ oauth-client-example ---
[INFO] Building jar: /home/rsigal/git.master.new/Resteasy/jaxrs/examples/oauth2-as7-example/wars/third-party/target/oauth-client-sources.jar
[INFO] 
[INFO] --- maven-install-plugin:2.3.1:install (default-install) @ oauth-client-example ---
[INFO] Installing /home/rsigal/git.master.new/Resteasy/jaxrs/examples/oauth2-as7-example/wars/third-party/target/oauth-client.war to /home/rsigal/.m2/repository/org/jboss/resteasy/example/oauth/oauth-client-example/3.0.0.Final/oauth-client-example-3.0.0.Final.war
[INFO] Installing /home/rsigal/git.master.new/Resteasy/jaxrs/examples/oauth2-as7-example/wars/third-party/pom.xml to /home/rsigal/.m2/repository/org/jboss/resteasy/example/oauth/oauth-client-example/3.0.0.Final/oauth-client-example-3.0.0.Final.pom
[INFO] Installing /home/rsigal/git.master.new/Resteasy/jaxrs/examples/oauth2-as7-example/wars/third-party/target/oauth-client-sources.jar to /home/rsigal/.m2/repository/org/jboss/resteasy/example/oauth/oauth-client-example/3.0.0.Final/oauth-client-example-3.0.0.Final-sources.jar
[INFO]                                                                         
[INFO] ------------------------------------------------------------------------
[INFO] Building Simple Client Token Grant Example 3.0.0.Final
[INFO] ------------------------------------------------------------------------
[INFO] 
[INFO] --- maven-clean-plugin:2.4.1:clean (default-clean) @ client-token-grant-example ---
[INFO] Deleting /home/rsigal/git.master.new/Resteasy/jaxrs/examples/oauth2-as7-example/wars/client-grant/target
[INFO] 
[INFO] --- maven-resources-plugin:2.5:resources (default-resources) @ client-token-grant-example ---
[debug] execute contextualize
[WARNING] Using platform encoding (UTF-8 actually) to copy filtered resources, i.e. build is platform dependent!
[INFO] skip non existing resourceDirectory /home/rsigal/git.master.new/Resteasy/jaxrs/examples/oauth2-as7-example/wars/client-grant/src/main/resources
[INFO] 
[INFO] --- maven-compiler-plugin:2.3.1:compile (default-compile) @ client-token-grant-example ---
[INFO] Compiling 1 source file to /home/rsigal/git.master.new/Resteasy/jaxrs/examples/oauth2-as7-example/wars/client-grant/target/classes
[INFO] 
[INFO] --- maven-resources-plugin:2.5:testResources (default-testResources) @ client-token-grant-example ---
[debug] execute contextualize
[WARNING] Using platform encoding (UTF-8 actually) to copy filtered resources, i.e. build is platform dependent!
[INFO] skip non existing resourceDirectory /home/rsigal/git.master.new/Resteasy/jaxrs/examples/oauth2-as7-example/wars/client-grant/src/test/resources
[INFO] 
[INFO] --- maven-compiler-plugin:2.3.1:testCompile (default-testCompile) @ client-token-grant-example ---
[INFO] No sources to compile
[INFO] 
[INFO] --- maven-surefire-plugin:2.10:test (default-test) @ client-token-grant-example ---
[INFO] No tests to run.
[INFO] Surefire report directory: /home/rsigal/git.master.new/Resteasy/jaxrs/examples/oauth2-as7-example/wars/client-grant/target/surefire-reports

-------------------------------------------------------
 T E S T S
-------------------------------------------------------

Results :

Tests run: 0, Failures: 0, Errors: 0, Skipped: 0

[INFO] 
[INFO] --- maven-war-plugin:2.1.1:war (default-war) @ client-token-grant-example ---
[INFO] Packaging webapp
[INFO] Assembling webapp [client-token-grant-example] in [/home/rsigal/git.master.new/Resteasy/jaxrs/examples/oauth2-as7-example/wars/client-grant/target/client-grant]
[INFO] Processing war project
[INFO] Copying webapp resources [/home/rsigal/git.master.new/Resteasy/jaxrs/examples/oauth2-as7-example/wars/client-grant/src/main/webapp]
[INFO] Webapp assembled in [4 msecs]
[INFO] Building war: /home/rsigal/git.master.new/Resteasy/jaxrs/examples/oauth2-as7-example/wars/client-grant/target/client-grant.war
[INFO] WEB-INF/web.xml already added, skipping
[INFO] 
[INFO] >>> maven-source-plugin:2.1.2:jar (default) @ client-token-grant-example >>>
[INFO] 
[INFO] <<< maven-source-plugin:2.1.2:jar (default) @ client-token-grant-example <<<
[INFO] 
[INFO] --- maven-source-plugin:2.1.2:jar (default) @ client-token-grant-example ---
[INFO] Building jar: /home/rsigal/git.master.new/Resteasy/jaxrs/examples/oauth2-as7-example/wars/client-grant/target/client-grant-sources.jar
[INFO] 
[INFO] --- maven-install-plugin:2.3.1:install (default-install) @ client-token-grant-example ---
[INFO] Installing /home/rsigal/git.master.new/Resteasy/jaxrs/examples/oauth2-as7-example/wars/client-grant/target/client-grant.war to /home/rsigal/.m2/repository/org/jboss/resteasy/example/oauth/client-token-grant-example/3.0.0.Final/client-token-grant-example-3.0.0.Final.war
[INFO] Installing /home/rsigal/git.master.new/Resteasy/jaxrs/examples/oauth2-as7-example/wars/client-grant/pom.xml to /home/rsigal/.m2/repository/org/jboss/resteasy/example/oauth/client-token-grant-example/3.0.0.Final/client-token-grant-example-3.0.0.Final.pom
[INFO] Installing /home/rsigal/git.master.new/Resteasy/jaxrs/examples/oauth2-as7-example/wars/client-grant/target/client-grant-sources.jar to /home/rsigal/.m2/repository/org/jboss/resteasy/example/oauth/client-token-grant-example/3.0.0.Final/client-token-grant-example-3.0.0.Final-sources.jar
[INFO]                                                                         
[INFO] ------------------------------------------------------------------------
[INFO] Building Resteasy Skeleton Key Examples POM 3.0.0.Final
[INFO] ------------------------------------------------------------------------
[INFO] 
[INFO] --- maven-clean-plugin:2.4.1:clean (default-clean) @ examples ---
[INFO] 
[INFO] >>> maven-source-plugin:2.1.2:jar (default) @ examples >>>
[INFO] 
[INFO] <<< maven-source-plugin:2.1.2:jar (default) @ examples <<<
[INFO] 
[INFO] --- maven-source-plugin:2.1.2:jar (default) @ examples ---
[INFO] 
[INFO] --- maven-install-plugin:2.3.1:install (default-install) @ examples ---
[INFO] Installing /home/rsigal/git.master.new/Resteasy/jaxrs/examples/oauth2-as7-example/pom.xml to /home/rsigal/.m2/repository/org/jboss/resteasy/example/oauth/examples/3.0.0.Final/examples-3.0.0.Final.pom
[INFO]                                                                         
[INFO] ------------------------------------------------------------------------
[INFO] Building Example: JS-API 3.0.0.Final
[INFO] ------------------------------------------------------------------------
[INFO] 
[INFO] --- maven-clean-plugin:2.4.1:clean (default-clean) @ examples-jsapi ---
[INFO] Deleting /home/rsigal/git.master.new/Resteasy/jaxrs/examples/examples-jsapi/target
[INFO] 
[INFO] --- maven-resources-plugin:2.5:resources (default-resources) @ examples-jsapi ---
[debug] execute contextualize
[WARNING] Using platform encoding (UTF-8 actually) to copy filtered resources, i.e. build is platform dependent!
[INFO] skip non existing resourceDirectory /home/rsigal/git.master.new/Resteasy/jaxrs/examples/examples-jsapi/src/main/resources
[INFO] 
[INFO] --- maven-compiler-plugin:2.3.1:compile (default-compile) @ examples-jsapi ---
[INFO] Compiling 2 source files to /home/rsigal/git.master.new/Resteasy/jaxrs/examples/examples-jsapi/target/classes
[INFO] 
[INFO] --- maven-resources-plugin:2.5:testResources (default-testResources) @ examples-jsapi ---
[debug] execute contextualize
[WARNING] Using platform encoding (UTF-8 actually) to copy filtered resources, i.e. build is platform dependent!
[INFO] skip non existing resourceDirectory /home/rsigal/git.master.new/Resteasy/jaxrs/examples/examples-jsapi/src/test/resources
[INFO] 
[INFO] --- maven-compiler-plugin:2.3.1:testCompile (default-testCompile) @ examples-jsapi ---
[INFO] No sources to compile
[INFO] 
[INFO] --- maven-surefire-plugin:2.10:test (default-test) @ examples-jsapi ---
[INFO] No tests to run.
[INFO] Surefire report directory: /home/rsigal/git.master.new/Resteasy/jaxrs/examples/examples-jsapi/target/surefire-reports

-------------------------------------------------------
 T E S T S
-------------------------------------------------------

Results :

Tests run: 0, Failures: 0, Errors: 0, Skipped: 0

[INFO] 
[INFO] --- maven-war-plugin:2.1.1:war (default-war) @ examples-jsapi ---
[INFO] Packaging webapp
[INFO] Assembling webapp [examples-jsapi] in [/home/rsigal/git.master.new/Resteasy/jaxrs/examples/examples-jsapi/target/examples-jsapi]
[INFO] Processing war project
[INFO] Copying webapp resources [/home/rsigal/git.master.new/Resteasy/jaxrs/examples/examples-jsapi/src/main/webapp]
[INFO] Webapp assembled in [24 msecs]
[INFO] Building war: /home/rsigal/git.master.new/Resteasy/jaxrs/examples/examples-jsapi/target/examples-jsapi.war
[INFO] WEB-INF/web.xml already added, skipping
[INFO] 
[INFO] >>> maven-jetty-plugin:6.1.15:run (start-jetty) @ examples-jsapi >>>
[INFO] 
[INFO] --- maven-resources-plugin:2.5:resources (default-resources) @ examples-jsapi ---
[debug] execute contextualize
[WARNING] Using platform encoding (UTF-8 actually) to copy filtered resources, i.e. build is platform dependent!
[INFO] skip non existing resourceDirectory /home/rsigal/git.master.new/Resteasy/jaxrs/examples/examples-jsapi/src/main/resources
[INFO] 
[INFO] --- maven-compiler-plugin:2.3.1:compile (default-compile) @ examples-jsapi ---
[INFO] Nothing to compile - all classes are up to date
[INFO] 
[INFO] --- maven-resources-plugin:2.5:testResources (default-testResources) @ examples-jsapi ---
[debug] execute contextualize
[WARNING] Using platform encoding (UTF-8 actually) to copy filtered resources, i.e. build is platform dependent!
[INFO] skip non existing resourceDirectory /home/rsigal/git.master.new/Resteasy/jaxrs/examples/examples-jsapi/src/test/resources
[INFO] 
[INFO] --- maven-compiler-plugin:2.3.1:testCompile (default-testCompile) @ examples-jsapi ---
[INFO] No sources to compile
[INFO] 
[INFO] <<< maven-jetty-plugin:6.1.15:run (start-jetty) @ examples-jsapi <<<
[INFO] 
[INFO] --- maven-jetty-plugin:6.1.15:run (start-jetty) @ examples-jsapi ---
[INFO] Configuring Jetty for project: Example: JS-API
[INFO] Webapp source directory = /home/rsigal/git.master.new/Resteasy/jaxrs/examples/examples-jsapi/src/main/webapp
[INFO] Reload Mechanic: automatic
[INFO] web.xml file = /home/rsigal/git.master.new/Resteasy/jaxrs/examples/examples-jsapi/src/main/webapp/WEB-INF/web.xml
[INFO] Classes = /home/rsigal/git.master.new/Resteasy/jaxrs/examples/examples-jsapi/target/classes
[INFO] Context path = /examples-jsapi
[INFO] Tmp directory =  determined at runtime
[INFO] Web defaults = org/mortbay/jetty/webapp/webdefault.xml
[INFO] Web overrides =  none
[INFO] Webapp directory = /home/rsigal/git.master.new/Resteasy/jaxrs/examples/examples-jsapi/src/main/webapp
[INFO] Starting jetty 6.1.15 ...
[INFO] Started Jetty Server
[INFO] Starting scanner at interval of 5 seconds.
[INFO] 
[INFO] --- maven-jetty-plugin:6.1.15:stop (stop-jetty) @ examples-jsapi ---
[INFO] 
[INFO] >>> maven-source-plugin:2.1.2:jar (default) @ examples-jsapi >>>
[INFO] Stopping server 0
[INFO] 
[INFO] <<< maven-source-plugin:2.1.2:jar (default) @ examples-jsapi <<<
[INFO] 
[INFO] --- maven-source-plugin:2.1.2:jar (default) @ examples-jsapi ---
[INFO] Building jar: /home/rsigal/git.master.new/Resteasy/jaxrs/examples/examples-jsapi/target/examples-jsapi-sources.jar
[INFO] 
[INFO] --- maven-install-plugin:2.3.1:install (default-install) @ examples-jsapi ---
[INFO] Installing /home/rsigal/git.master.new/Resteasy/jaxrs/examples/examples-jsapi/target/examples-jsapi.war to /home/rsigal/.m2/repository/org/jboss/resteasy/examples-jsapi/3.0.0.Final/examples-jsapi-3.0.0.Final.war
[INFO] Installing /home/rsigal/git.master.new/Resteasy/jaxrs/examples/examples-jsapi/pom.xml to /home/rsigal/.m2/repository/org/jboss/resteasy/examples-jsapi/3.0.0.Final/examples-jsapi-3.0.0.Final.pom
[INFO] Installing /home/rsigal/git.master.new/Resteasy/jaxrs/examples/examples-jsapi/target/examples-jsapi-sources.jar to /home/rsigal/.m2/repository/org/jboss/resteasy/examples-jsapi/3.0.0.Final/examples-jsapi-3.0.0.Final-sources.jar
[INFO]                                                                         
[INFO] ------------------------------------------------------------------------
[INFO] Building smime-example 3.0.0.Final
[INFO] ------------------------------------------------------------------------
[INFO] 
[INFO] --- maven-clean-plugin:2.4.1:clean (default-clean) @ smime-example ---
[INFO] Deleting /home/rsigal/git.master.new/Resteasy/jaxrs/examples/smime/target
[INFO] 
[INFO] --- maven-resources-plugin:2.5:resources (default-resources) @ smime-example ---
[debug] execute contextualize
[WARNING] Using platform encoding (UTF-8 actually) to copy filtered resources, i.e. build is platform dependent!
[INFO] Copying 2 resources
[INFO] 
[INFO] --- maven-compiler-plugin:2.3.1:compile (default-compile) @ smime-example ---
[INFO] Compiling 3 source files to /home/rsigal/git.master.new/Resteasy/jaxrs/examples/smime/target/classes
[INFO] 
[INFO] --- maven-resources-plugin:2.5:testResources (default-testResources) @ smime-example ---
[debug] execute contextualize
[WARNING] Using platform encoding (UTF-8 actually) to copy filtered resources, i.e. build is platform dependent!
[INFO] skip non existing resourceDirectory /home/rsigal/git.master.new/Resteasy/jaxrs/examples/smime/src/test/resources
[INFO] 
[INFO] --- maven-compiler-plugin:2.3.1:testCompile (default-testCompile) @ smime-example ---
[INFO] Compiling 1 source file to /home/rsigal/git.master.new/Resteasy/jaxrs/examples/smime/target/test-classes
[INFO] 
[INFO] --- maven-surefire-plugin:2.10:test (default-test) @ smime-example ---
[INFO] Tests are skipped.
[INFO] 
[INFO] --- maven-war-plugin:2.1.1:war (default-war) @ smime-example ---
[INFO] Packaging webapp
[INFO] Assembling webapp [smime-example] in [/home/rsigal/git.master.new/Resteasy/jaxrs/examples/smime/target/smime]
[INFO] Processing war project
[INFO] Copying webapp resources [/home/rsigal/git.master.new/Resteasy/jaxrs/examples/smime/src/main/webapp]
[INFO] Webapp assembled in [20 msecs]
[INFO] Building war: /home/rsigal/git.master.new/Resteasy/jaxrs/examples/smime/target/smime.war
[INFO] WEB-INF/web.xml already added, skipping
[INFO] 
[INFO] >>> maven-jetty-plugin:6.1.15:run (start-jetty) @ smime-example >>>
[INFO] 
[INFO] --- maven-resources-plugin:2.5:resources (default-resources) @ smime-example ---
[debug] execute contextualize
[WARNING] Using platform encoding (UTF-8 actually) to copy filtered resources, i.e. build is platform dependent!
[INFO] Copying 2 resources
[INFO] 
[INFO] --- maven-compiler-plugin:2.3.1:compile (default-compile) @ smime-example ---
[INFO] Nothing to compile - all classes are up to date
[INFO] 
[INFO] --- maven-resources-plugin:2.5:testResources (default-testResources) @ smime-example ---
[debug] execute contextualize
[WARNING] Using platform encoding (UTF-8 actually) to copy filtered resources, i.e. build is platform dependent!
[INFO] skip non existing resourceDirectory /home/rsigal/git.master.new/Resteasy/jaxrs/examples/smime/src/test/resources
[INFO] 
[INFO] --- maven-compiler-plugin:2.3.1:testCompile (default-testCompile) @ smime-example ---
[INFO] Nothing to compile - all classes are up to date
[INFO] 
[INFO] <<< maven-jetty-plugin:6.1.15:run (start-jetty) @ smime-example <<<
[INFO] 
[INFO] --- maven-jetty-plugin:6.1.15:run (start-jetty) @ smime-example ---
[INFO] Configuring Jetty for project: smime-example
[INFO] Webapp source directory = /home/rsigal/git.master.new/Resteasy/jaxrs/examples/smime/src/main/webapp
[INFO] Reload Mechanic: automatic
[INFO] web.xml file = /home/rsigal/git.master.new/Resteasy/jaxrs/examples/smime/src/main/webapp/WEB-INF/web.xml
[INFO] Classes = /home/rsigal/git.master.new/Resteasy/jaxrs/examples/smime/target/classes
[INFO] Context path = /
[INFO] Tmp directory =  determined at runtime
[INFO] Web defaults = org/mortbay/jetty/webapp/webdefault.xml
[INFO] Web overrides =  none
[INFO] Webapp directory = /home/rsigal/git.master.new/Resteasy/jaxrs/examples/smime/src/main/webapp
[INFO] Starting jetty 6.1.15 ...
[INFO] Started Jetty Server
[INFO] 
[INFO] --- maven-surefire-plugin:2.10:test (surefire-it) @ smime-example ---
[INFO] Surefire report directory: /home/rsigal/git.master.new/Resteasy/jaxrs/examples/smime/target/surefire-reports

-------------------------------------------------------
 T E S T S
-------------------------------------------------------
Running org.jboss.resteasy.tests.smime.SMIMETest
HERE!!!!!
Encrypted Message From Server:
Customer{name='Bill'}
Encrypted Server Input: 
Customer{name='Bill'}
Signed Message From Server: 
Customer{name='Bill'}
Signed Server Input: 
Customer{name='Bill'}
Customer{name='Bill'}
Encrypted and Signed Server Input: 
Customer{name='Bill'}
Tests run: 6, Failures: 0, Errors: 0, Skipped: 0, Time elapsed: 2.194 sec

Results :

Tests run: 6, Failures: 0, Errors: 0, Skipped: 0

[INFO] 
[INFO] --- maven-jetty-plugin:6.1.15:stop (stop-jetty) @ smime-example ---
[INFO] 
[INFO] Stopping server 0
[INFO] >>> maven-source-plugin:2.1.2:jar (default) @ smime-example >>>
[INFO] 
[INFO] <<< maven-source-plugin:2.1.2:jar (default) @ smime-example <<<
[INFO] 
[INFO] --- maven-source-plugin:2.1.2:jar (default) @ smime-example ---
[INFO] Building jar: /home/rsigal/git.master.new/Resteasy/jaxrs/examples/smime/target/smime-sources.jar
[INFO] 
[INFO] --- maven-install-plugin:2.3.1:install (default-install) @ smime-example ---
[INFO] Installing /home/rsigal/git.master.new/Resteasy/jaxrs/examples/smime/target/smime.war to /home/rsigal/.m2/repository/org/jboss/resteasy/test/smime-example/3.0.0.Final/smime-example-3.0.0.Final.war
[INFO] Installing /home/rsigal/git.master.new/Resteasy/jaxrs/examples/smime/pom.xml to /home/rsigal/.m2/repository/org/jboss/resteasy/test/smime-example/3.0.0.Final/smime-example-3.0.0.Final.pom
[INFO] Installing /home/rsigal/git.master.new/Resteasy/jaxrs/examples/smime/target/smime-sources.jar to /home/rsigal/.m2/repository/org/jboss/resteasy/test/smime-example/3.0.0.Final/smime-example-3.0.0.Final-sources.jar
[INFO]                                                                         
[INFO] ------------------------------------------------------------------------
[INFO] Building doseta-no-dns-example 3.0.0.Final
[INFO] ------------------------------------------------------------------------
[INFO] 
[INFO] --- maven-clean-plugin:2.4.1:clean (default-clean) @ doseta-no-dns-example ---
[INFO] Deleting /home/rsigal/git.master.new/Resteasy/jaxrs/examples/digital-signatures/no-dns/target
[INFO] 
[INFO] --- maven-resources-plugin:2.5:resources (default-resources) @ doseta-no-dns-example ---
[debug] execute contextualize
[WARNING] Using platform encoding (UTF-8 actually) to copy filtered resources, i.e. build is platform dependent!
[INFO] Copying 1 resource
[INFO] 
[INFO] --- maven-compiler-plugin:2.3.1:compile (default-compile) @ doseta-no-dns-example ---
[INFO] Compiling 1 source file to /home/rsigal/git.master.new/Resteasy/jaxrs/examples/digital-signatures/no-dns/target/classes
[INFO] 
[INFO] --- maven-resources-plugin:2.5:testResources (default-testResources) @ doseta-no-dns-example ---
[debug] execute contextualize
[WARNING] Using platform encoding (UTF-8 actually) to copy filtered resources, i.e. build is platform dependent!
[INFO] Copying 1 resource
[INFO] 
[INFO] --- maven-compiler-plugin:2.3.1:testCompile (default-testCompile) @ doseta-no-dns-example ---
[INFO] Compiling 1 source file to /home/rsigal/git.master.new/Resteasy/jaxrs/examples/digital-signatures/no-dns/target/test-classes
[INFO] 
[INFO] --- maven-surefire-plugin:2.10:test (default-test) @ doseta-no-dns-example ---
[INFO] Tests are skipped.
[INFO] 
[INFO] --- maven-war-plugin:2.1.1:war (default-war) @ doseta-no-dns-example ---
[INFO] Packaging webapp
[INFO] Assembling webapp [doseta-no-dns-example] in [/home/rsigal/git.master.new/Resteasy/jaxrs/examples/digital-signatures/no-dns/target/content-signature-example]
[INFO] Processing war project
[INFO] Copying webapp resources [/home/rsigal/git.master.new/Resteasy/jaxrs/examples/digital-signatures/no-dns/src/main/webapp]
[INFO] Webapp assembled in [53 msecs]
[INFO] Building war: /home/rsigal/git.master.new/Resteasy/jaxrs/examples/digital-signatures/no-dns/target/content-signature-example.war
[INFO] WEB-INF/web.xml already added, skipping
[INFO] 
[INFO] >>> maven-jetty-plugin:6.1.15:run (start-jetty) @ doseta-no-dns-example >>>
[INFO] 
[INFO] --- maven-resources-plugin:2.5:resources (default-resources) @ doseta-no-dns-example ---
[debug] execute contextualize
[WARNING] Using platform encoding (UTF-8 actually) to copy filtered resources, i.e. build is platform dependent!
[INFO] Copying 1 resource
[INFO] 
[INFO] --- maven-compiler-plugin:2.3.1:compile (default-compile) @ doseta-no-dns-example ---
[INFO] Nothing to compile - all classes are up to date
[INFO] 
[INFO] --- maven-resources-plugin:2.5:testResources (default-testResources) @ doseta-no-dns-example ---
[debug] execute contextualize
[WARNING] Using platform encoding (UTF-8 actually) to copy filtered resources, i.e. build is platform dependent!
[INFO] Copying 1 resource
[INFO] 
[INFO] --- maven-compiler-plugin:2.3.1:testCompile (default-testCompile) @ doseta-no-dns-example ---
[INFO] Nothing to compile - all classes are up to date
[INFO] 
[INFO] <<< maven-jetty-plugin:6.1.15:run (start-jetty) @ doseta-no-dns-example <<<
[INFO] 
[INFO] --- maven-jetty-plugin:6.1.15:run (start-jetty) @ doseta-no-dns-example ---
[INFO] Configuring Jetty for project: doseta-no-dns-example
[INFO] Webapp source directory = /home/rsigal/git.master.new/Resteasy/jaxrs/examples/digital-signatures/no-dns/src/main/webapp
[INFO] Reload Mechanic: automatic
[INFO] web.xml file = /home/rsigal/git.master.new/Resteasy/jaxrs/examples/digital-signatures/no-dns/src/main/webapp/WEB-INF/web.xml
[INFO] Classes = /home/rsigal/git.master.new/Resteasy/jaxrs/examples/digital-signatures/no-dns/target/classes
[INFO] Context path = /
[INFO] Tmp directory =  determined at runtime
[INFO] Web defaults = org/mortbay/jetty/webapp/webdefault.xml
[INFO] Web overrides =  none
[INFO] Webapp directory = /home/rsigal/git.master.new/Resteasy/jaxrs/examples/digital-signatures/no-dns/src/main/webapp
[INFO] Starting jetty 6.1.15 ...
[INFO] Started Jetty Server
[INFO] 
[INFO] --- maven-surefire-plugin:2.10:test (surefire-it) @ doseta-no-dns-example ---
[INFO] Surefire report directory: /home/rsigal/git.master.new/Resteasy/jaxrs/examples/digital-signatures/no-dns/target/surefire-reports

-------------------------------------------------------
 T E S T S
-------------------------------------------------------
Running org.jboss.resteasy.tests.signature.SigningTest
d=samplezone.org;s=test;v=1;a=rsa-sha256;c=simple/simple;bh=uU0nuZNNPgilLlLX2n2r+sSE7+N6U4DukIj3rOLvzek=;b=FsU/5XpDoiVkAd5IXBDH1hF5s4F2QHbakF1mNFNNUl5pv3hs9MvBUxqdx6OcaTJoIuQIR0kiKsjcRIOs/PyHU3zrTNsR1SnHMkCMT5TCJ6smVGxki7ASDGMi4iH4kDSQCz68dFoOfdjmOVxBKaUCNvtD0bC1WUcb4k2qUahpD08=
hello world
d=samplezone.org;s=test;v=1;a=rsa-sha256;c=simple/simple;bh=uU0nuZNNPgilLlLX2n2r+sSE7+N6U4DukIj3rOLvzek=;b=FGWJOPWa+Ut805+9BUuxNtSDPXgOK6rIIlYbLNIgRlt4zYOgPQnePKgp2gZuaOHtPzgt0eBtbxLSVxR3ISHUjfeX6NEpkjQ0fdBIA2rzKj/D4RvQi9YT+yTuUNpZGroirqTFT9njK9xqytYFMG9Fr1WctxHFsyfB/DBYyaEuVKc=
We expect this failure: Failed to verify signatures:
 Failed to verify signature.
d=samplezone.org;s=test;x=1371021063;v=1;a=rsa-sha256;c=simple/simple;bh=uU0nuZNNPgilLlLX2n2r+sSE7+N6U4DukIj3rOLvzek=;b=KnKx6fUTIEEJkVOBVl5or8n7L/tkiSO7uMiBYQc6psXutllfY8DYZ9uNjBWPwS/mNyCYAR4AzaYtXE4ygePttj8Po2wooQMiKQ9m4r9rBytg/c9h+1pn5rehyPvP+iUN3BjxgEGJH7aAREAE2XBSGX9asbONt0C8giIov03QjJw=
hello world
d=samplezone.org;s=test;x=1371021004;v=1;a=rsa-sha256;c=simple/simple;bh=uU0nuZNNPgilLlLX2n2r+sSE7+N6U4DukIj3rOLvzek=;b=MfSLXC4+Tdaxe/n/lT54Nr8hqhdmLYyUPh+uXK+GOo0G1ka7YQM8LgYH1Dp17sDWhWsOLwaZ8foIUWWfVhANpifZO6AChBfibbMuFWsJITf0TUChOM7A1DZY/etrUryV/iYY6bmCemOItQJZD+mIwLGrnoUFYpuKw9eW8eZUpzM=
Verification failed: Failed to verify signatures:
 Signature expired
Tests run: 6, Failures: 0, Errors: 0, Skipped: 0, Time elapsed: 2.592 sec

Results :

Tests run: 6, Failures: 0, Errors: 0, Skipped: 0

[INFO] 
[INFO] --- maven-jetty-plugin:6.1.15:stop (stop-jetty) @ doseta-no-dns-example ---
[INFO] 
[INFO] >>> maven-source-plugin:2.1.2:jar (default) @ doseta-no-dns-example >>>
[INFO] Stopping server 0
[INFO] 
[INFO] <<< maven-source-plugin:2.1.2:jar (default) @ doseta-no-dns-example <<<
[INFO] 
[INFO] --- maven-source-plugin:2.1.2:jar (default) @ doseta-no-dns-example ---
[INFO] Building jar: /home/rsigal/git.master.new/Resteasy/jaxrs/examples/digital-signatures/no-dns/target/content-signature-example-sources.jar
[INFO] 
[INFO] --- maven-install-plugin:2.3.1:install (default-install) @ doseta-no-dns-example ---
[INFO] Installing /home/rsigal/git.master.new/Resteasy/jaxrs/examples/digital-signatures/no-dns/target/content-signature-example.war to /home/rsigal/.m2/repository/org/jboss/resteasy/test/doseta-no-dns-example/3.0.0.Final/doseta-no-dns-example-3.0.0.Final.war
[INFO] Installing /home/rsigal/git.master.new/Resteasy/jaxrs/examples/digital-signatures/no-dns/pom.xml to /home/rsigal/.m2/repository/org/jboss/resteasy/test/doseta-no-dns-example/3.0.0.Final/doseta-no-dns-example-3.0.0.Final.pom
[INFO] Installing /home/rsigal/git.master.new/Resteasy/jaxrs/examples/digital-signatures/no-dns/target/content-signature-example-sources.jar to /home/rsigal/.m2/repository/org/jboss/resteasy/test/doseta-no-dns-example/3.0.0.Final/doseta-no-dns-example-3.0.0.Final-sources.jar
[INFO]                                                                         
[INFO] ------------------------------------------------------------------------
[INFO] Building doseta-use-dns-example 3.0.0.Final
[INFO] ------------------------------------------------------------------------
[INFO] 
[INFO] --- maven-clean-plugin:2.4.1:clean (default-clean) @ doseta-use-dns-example ---
[INFO] Deleting /home/rsigal/git.master.new/Resteasy/jaxrs/examples/digital-signatures/use-dns/target
[INFO] 
[INFO] --- maven-resources-plugin:2.5:resources (default-resources) @ doseta-use-dns-example ---
[debug] execute contextualize
[WARNING] Using platform encoding (UTF-8 actually) to copy filtered resources, i.e. build is platform dependent!
[INFO] Copying 1 resource
[INFO] 
[INFO] --- maven-compiler-plugin:2.3.1:compile (default-compile) @ doseta-use-dns-example ---
[INFO] Compiling 1 source file to /home/rsigal/git.master.new/Resteasy/jaxrs/examples/digital-signatures/use-dns/target/classes
[INFO] 
[INFO] --- maven-resources-plugin:2.5:testResources (default-testResources) @ doseta-use-dns-example ---
[debug] execute contextualize
[WARNING] Using platform encoding (UTF-8 actually) to copy filtered resources, i.e. build is platform dependent!
[INFO] Copying 5 resources
[INFO] 
[INFO] --- maven-compiler-plugin:2.3.1:testCompile (default-testCompile) @ doseta-use-dns-example ---
[INFO] Compiling 1 source file to /home/rsigal/git.master.new/Resteasy/jaxrs/examples/digital-signatures/use-dns/target/test-classes
[INFO] 
[INFO] --- maven-surefire-plugin:2.10:test (default-test) @ doseta-use-dns-example ---
[INFO] Tests are skipped.
[INFO] 
[INFO] --- maven-war-plugin:2.1.1:war (default-war) @ doseta-use-dns-example ---
[INFO] Packaging webapp
[INFO] Assembling webapp [doseta-use-dns-example] in [/home/rsigal/git.master.new/Resteasy/jaxrs/examples/digital-signatures/use-dns/target/content-signature-example]
[INFO] Processing war project
[INFO] Copying webapp resources [/home/rsigal/git.master.new/Resteasy/jaxrs/examples/digital-signatures/use-dns/src/main/webapp]
[INFO] Webapp assembled in [26 msecs]
[INFO] Building war: /home/rsigal/git.master.new/Resteasy/jaxrs/examples/digital-signatures/use-dns/target/content-signature-example.war
[INFO] WEB-INF/web.xml already added, skipping
[INFO] 
[INFO] >>> maven-jetty-plugin:6.1.15:run (start-jetty) @ doseta-use-dns-example >>>
[INFO] 
[INFO] --- maven-resources-plugin:2.5:resources (default-resources) @ doseta-use-dns-example ---
[debug] execute contextualize
[WARNING] Using platform encoding (UTF-8 actually) to copy filtered resources, i.e. build is platform dependent!
[INFO] Copying 1 resource
[INFO] 
[INFO] --- maven-compiler-plugin:2.3.1:compile (default-compile) @ doseta-use-dns-example ---
[INFO] Nothing to compile - all classes are up to date
[INFO] 
[INFO] --- maven-resources-plugin:2.5:testResources (default-testResources) @ doseta-use-dns-example ---
[debug] execute contextualize
[WARNING] Using platform encoding (UTF-8 actually) to copy filtered resources, i.e. build is platform dependent!
[INFO] Copying 5 resources
[INFO] 
[INFO] --- maven-compiler-plugin:2.3.1:testCompile (default-testCompile) @ doseta-use-dns-example ---
[INFO] Nothing to compile - all classes are up to date
[INFO] 
[INFO] <<< maven-jetty-plugin:6.1.15:run (start-jetty) @ doseta-use-dns-example <<<
[INFO] 
[INFO] --- maven-jetty-plugin:6.1.15:run (start-jetty) @ doseta-use-dns-example ---
[INFO] Configuring Jetty for project: doseta-use-dns-example
[INFO] Webapp source directory = /home/rsigal/git.master.new/Resteasy/jaxrs/examples/digital-signatures/use-dns/src/main/webapp
[INFO] Reload Mechanic: automatic
[INFO] web.xml file = /home/rsigal/git.master.new/Resteasy/jaxrs/examples/digital-signatures/use-dns/src/main/webapp/WEB-INF/web.xml
[INFO] Classes = /home/rsigal/git.master.new/Resteasy/jaxrs/examples/digital-signatures/use-dns/target/classes
[INFO] Context path = /
[INFO] Tmp directory =  determined at runtime
[INFO] Web defaults = org/mortbay/jetty/webapp/webdefault.xml
[INFO] Web overrides =  none
[INFO] Webapp directory = /home/rsigal/git.master.new/Resteasy/jaxrs/examples/digital-signatures/use-dns/src/main/webapp
[INFO] Starting jetty 6.1.15 ...
[INFO] Started Jetty Server
[INFO] 
[INFO] --- maven-surefire-plugin:2.10:test (surefire-it) @ doseta-use-dns-example ---
[INFO] Surefire report directory: /home/rsigal/git.master.new/Resteasy/jaxrs/examples/digital-signatures/use-dns/target/surefire-reports

-------------------------------------------------------
 T E S T S
-------------------------------------------------------
Running org.jboss.resteasy.tests.signature.SigningTest
log4j:WARN No appenders could be found for logger (se.unlogic.eagledns.EagleDNS).
log4j:WARN Please initialize the log4j system properly.
Client: 
d=server.com;s=anil;v=1;a=rsa-sha256;c=simple/simple;bh=uU0nuZNNPgilLlLX2n2r+sSE7+N6U4DukIj3rOLvzek=;b=iI8QzQe+oF+zT7aHmutclGS1GeByX0Bc/T7AFh8FB0IzFIWWn8BVUzrwKMubhXtBulT2jWLqwkXTIYv6vQFPYVyFeIVtHCGqE9WJj2XPZabPY/Vk5+f4dvSryHMU4KMd7ozzqE0Nn3sN/0JCWW+8y/Wzek0cxbTH2Yu1OS9ZNkQ=
hello world
s=bill;d=client.com;v=1;a=rsa-sha256;c=simple/simple;bh=uU0nuZNNPgilLlLX2n2r+sSE7+N6U4DukIj3rOLvzek=;b=KqujYkbtQz1L2dwRuDFGDsZEwucfrI+HwF5jfItdVU2pSMdvxjHD/26SkcNNqiWuYwfwtSU2NaA4Z4hD0UFcc2NMStHXRmPaxuf6rQjQlaLXEfW/8Rg14HTl4fS57hKiL2p9U8J2Eji0d0vhb7obF2Oga1DMt7bOzGkBO3YBzx4=
Tests run: 2, Failures: 0, Errors: 0, Skipped: 0, Time elapsed: 1.074 sec

Results :

Tests run: 2, Failures: 0, Errors: 0, Skipped: 0

[INFO] 
[INFO] --- maven-jetty-plugin:6.1.15:stop (stop-jetty) @ doseta-use-dns-example ---
[INFO] 
[INFO] Stopping server 0
[INFO] >>> maven-source-plugin:2.1.2:jar (default) @ doseta-use-dns-example >>>
[INFO] 
[INFO] <<< maven-source-plugin:2.1.2:jar (default) @ doseta-use-dns-example <<<
[INFO] 
[INFO] --- maven-source-plugin:2.1.2:jar (default) @ doseta-use-dns-example ---
[INFO] Building jar: /home/rsigal/git.master.new/Resteasy/jaxrs/examples/digital-signatures/use-dns/target/content-signature-example-sources.jar
[INFO] 
[INFO] --- maven-install-plugin:2.3.1:install (default-install) @ doseta-use-dns-example ---
[INFO] Installing /home/rsigal/git.master.new/Resteasy/jaxrs/examples/digital-signatures/use-dns/target/content-signature-example.war to /home/rsigal/.m2/repository/org/jboss/resteasy/test/doseta-use-dns-example/3.0.0.Final/doseta-use-dns-example-3.0.0.Final.war
[INFO] Installing /home/rsigal/git.master.new/Resteasy/jaxrs/examples/digital-signatures/use-dns/pom.xml to /home/rsigal/.m2/repository/org/jboss/resteasy/test/doseta-use-dns-example/3.0.0.Final/doseta-use-dns-example-3.0.0.Final.pom
[INFO] Installing /home/rsigal/git.master.new/Resteasy/jaxrs/examples/digital-signatures/use-dns/target/content-signature-example-sources.jar to /home/rsigal/.m2/repository/org/jboss/resteasy/test/doseta-use-dns-example/3.0.0.Final/doseta-use-dns-example-3.0.0.Final-sources.jar
[INFO]                                                                         
[INFO] ------------------------------------------------------------------------
[INFO] Building Resteasy Examples 3.0.0.Final
[INFO] ------------------------------------------------------------------------
[INFO] 
[INFO] --- maven-clean-plugin:2.4.1:clean (default-clean) @ signature-examples-pom ---
[INFO] 
[INFO] >>> maven-source-plugin:2.1.2:jar (default) @ signature-examples-pom >>>
[INFO] 
[INFO] <<< maven-source-plugin:2.1.2:jar (default) @ signature-examples-pom <<<
[INFO] 
[INFO] --- maven-source-plugin:2.1.2:jar (default) @ signature-examples-pom ---
[INFO] 
[INFO] --- maven-install-plugin:2.3.1:install (default-install) @ signature-examples-pom ---
[INFO] Installing /home/rsigal/git.master.new/Resteasy/jaxrs/examples/digital-signatures/pom.xml to /home/rsigal/.m2/repository/org/jboss/resteasy/signature-examples-pom/3.0.0.Final/signature-examples-pom-3.0.0.Final.pom
[INFO]                                                                         
[INFO] ------------------------------------------------------------------------
[INFO] Building doseta-no-dns-example 3.0.0.Final
[INFO] ------------------------------------------------------------------------
[INFO] 
[INFO] --- maven-clean-plugin:2.4.1:clean (default-clean) @ simple-jaxrs2-client ---
[INFO] Deleting /home/rsigal/git.master.new/Resteasy/jaxrs/examples/jaxrs-2.0/simple-client/target
[INFO] 
[INFO] --- maven-resources-plugin:2.5:resources (default-resources) @ simple-jaxrs2-client ---
[debug] execute contextualize
[WARNING] Using platform encoding (UTF-8 actually) to copy filtered resources, i.e. build is platform dependent!
[INFO] skip non existing resourceDirectory /home/rsigal/git.master.new/Resteasy/jaxrs/examples/jaxrs-2.0/simple-client/src/main/resources
[INFO] 
[INFO] --- maven-compiler-plugin:2.3.1:compile (default-compile) @ simple-jaxrs2-client ---
[INFO] Compiling 3 source files to /home/rsigal/git.master.new/Resteasy/jaxrs/examples/jaxrs-2.0/simple-client/target/classes
[INFO] 
[INFO] --- maven-resources-plugin:2.5:testResources (default-testResources) @ simple-jaxrs2-client ---
[debug] execute contextualize
[WARNING] Using platform encoding (UTF-8 actually) to copy filtered resources, i.e. build is platform dependent!
[INFO] skip non existing resourceDirectory /home/rsigal/git.master.new/Resteasy/jaxrs/examples/jaxrs-2.0/simple-client/src/test/resources
[INFO] 
[INFO] --- maven-compiler-plugin:2.3.1:testCompile (default-testCompile) @ simple-jaxrs2-client ---
[INFO] Compiling 1 source file to /home/rsigal/git.master.new/Resteasy/jaxrs/examples/jaxrs-2.0/simple-client/target/test-classes
[INFO] 
[INFO] --- maven-surefire-plugin:2.10:test (default-test) @ simple-jaxrs2-client ---
[INFO] Tests are skipped.
[INFO] 
[INFO] --- maven-war-plugin:2.1.1:war (default-war) @ simple-jaxrs2-client ---
[INFO] Packaging webapp
[INFO] Assembling webapp [simple-jaxrs2-client] in [/home/rsigal/git.master.new/Resteasy/jaxrs/examples/jaxrs-2.0/simple-client/target/simple]
[INFO] Processing war project
[INFO] Copying webapp resources [/home/rsigal/git.master.new/Resteasy/jaxrs/examples/jaxrs-2.0/simple-client/src/main/webapp]
[INFO] Webapp assembled in [34 msecs]
[INFO] Building war: /home/rsigal/git.master.new/Resteasy/jaxrs/examples/jaxrs-2.0/simple-client/target/simple.war
[INFO] WEB-INF/web.xml already added, skipping
[INFO] 
[INFO] >>> maven-jetty-plugin:6.1.15:run (start-jetty) @ simple-jaxrs2-client >>>
[INFO] 
[INFO] --- maven-resources-plugin:2.5:resources (default-resources) @ simple-jaxrs2-client ---
[debug] execute contextualize
[WARNING] Using platform encoding (UTF-8 actually) to copy filtered resources, i.e. build is platform dependent!
[INFO] skip non existing resourceDirectory /home/rsigal/git.master.new/Resteasy/jaxrs/examples/jaxrs-2.0/simple-client/src/main/resources
[INFO] 
[INFO] --- maven-compiler-plugin:2.3.1:compile (default-compile) @ simple-jaxrs2-client ---
[INFO] Nothing to compile - all classes are up to date
[INFO] 
[INFO] --- maven-resources-plugin:2.5:testResources (default-testResources) @ simple-jaxrs2-client ---
[debug] execute contextualize
[WARNING] Using platform encoding (UTF-8 actually) to copy filtered resources, i.e. build is platform dependent!
[INFO] skip non existing resourceDirectory /home/rsigal/git.master.new/Resteasy/jaxrs/examples/jaxrs-2.0/simple-client/src/test/resources
[INFO] 
[INFO] --- maven-compiler-plugin:2.3.1:testCompile (default-testCompile) @ simple-jaxrs2-client ---
[INFO] Nothing to compile - all classes are up to date
[INFO] 
[INFO] <<< maven-jetty-plugin:6.1.15:run (start-jetty) @ simple-jaxrs2-client <<<
[INFO] 
[INFO] --- maven-jetty-plugin:6.1.15:run (start-jetty) @ simple-jaxrs2-client ---
[INFO] Configuring Jetty for project: doseta-no-dns-example
[INFO] Webapp source directory = /home/rsigal/git.master.new/Resteasy/jaxrs/examples/jaxrs-2.0/simple-client/src/main/webapp
[INFO] Reload Mechanic: automatic
[INFO] web.xml file = /home/rsigal/git.master.new/Resteasy/jaxrs/examples/jaxrs-2.0/simple-client/src/main/webapp/WEB-INF/web.xml
[INFO] Classes = /home/rsigal/git.master.new/Resteasy/jaxrs/examples/jaxrs-2.0/simple-client/target/classes
[INFO] Context path = /
[INFO] Tmp directory =  determined at runtime
[INFO] Web defaults = org/mortbay/jetty/webapp/webdefault.xml
[INFO] Web overrides =  none
[INFO] Webapp directory = /home/rsigal/git.master.new/Resteasy/jaxrs/examples/jaxrs-2.0/simple-client/src/main/webapp
[INFO] Starting jetty 6.1.15 ...
[INFO] Started Jetty Server
[INFO] 
[INFO] --- maven-surefire-plugin:2.10:test (surefire-it) @ simple-jaxrs2-client ---
[INFO] Surefire report directory: /home/rsigal/git.master.new/Resteasy/jaxrs/examples/jaxrs-2.0/simple-client/target/surefire-reports

-------------------------------------------------------
 T E S T S
-------------------------------------------------------
Running org.jboss.test.SimpleClientTest
Obtained customer: Bill
Tests run: 6, Failures: 0, Errors: 0, Skipped: 0, Time elapsed: 2.333 sec

Results :

Tests run: 6, Failures: 0, Errors: 0, Skipped: 0

[INFO] 
[INFO] --- maven-jetty-plugin:6.1.15:stop (stop-jetty) @ simple-jaxrs2-client ---
[INFO] [INFO] 
[INFO] >>> maven-source-plugin:2.1.2:jar (default) @ simple-jaxrs2-client >>>
Stopping server 0
[INFO] 
[INFO] <<< maven-source-plugin:2.1.2:jar (default) @ simple-jaxrs2-client <<<
[INFO] 
[INFO] --- maven-source-plugin:2.1.2:jar (default) @ simple-jaxrs2-client ---
[INFO] Building jar: /home/rsigal/git.master.new/Resteasy/jaxrs/examples/jaxrs-2.0/simple-client/target/simple-sources.jar
[INFO] 
[INFO] --- maven-install-plugin:2.3.1:install (default-install) @ simple-jaxrs2-client ---
[INFO] Installing /home/rsigal/git.master.new/Resteasy/jaxrs/examples/jaxrs-2.0/simple-client/target/simple.war to /home/rsigal/.m2/repository/org/jboss/resteasy/test/simple-jaxrs2-client/3.0.0.Final/simple-jaxrs2-client-3.0.0.Final.war
[INFO] Installing /home/rsigal/git.master.new/Resteasy/jaxrs/examples/jaxrs-2.0/simple-client/pom.xml to /home/rsigal/.m2/repository/org/jboss/resteasy/test/simple-jaxrs2-client/3.0.0.Final/simple-jaxrs2-client-3.0.0.Final.pom
[INFO] Installing /home/rsigal/git.master.new/Resteasy/jaxrs/examples/jaxrs-2.0/simple-client/target/simple-sources.jar to /home/rsigal/.m2/repository/org/jboss/resteasy/test/simple-jaxrs2-client/3.0.0.Final/simple-jaxrs2-client-3.0.0.Final-sources.jar
[INFO]                                                                         
[INFO] ------------------------------------------------------------------------
[INFO] Building chat 3.0.0.Final
[INFO] ------------------------------------------------------------------------
[INFO] 
[INFO] --- maven-clean-plugin:2.4.1:clean (default-clean) @ server-async-http ---
[INFO] Deleting /home/rsigal/git.master.new/Resteasy/jaxrs/examples/jaxrs-2.0/server-async-http/target
[INFO] 
[INFO] --- maven-resources-plugin:2.5:resources (default-resources) @ server-async-http ---
[debug] execute contextualize
[WARNING] Using platform encoding (UTF-8 actually) to copy filtered resources, i.e. build is platform dependent!
[INFO] skip non existing resourceDirectory /home/rsigal/git.master.new/Resteasy/jaxrs/examples/jaxrs-2.0/server-async-http/src/main/resources
[INFO] 
[INFO] --- maven-compiler-plugin:2.3.1:compile (default-compile) @ server-async-http ---
[INFO] Compiling 3 source files to /home/rsigal/git.master.new/Resteasy/jaxrs/examples/jaxrs-2.0/server-async-http/target/classes
[INFO] 
[INFO] --- maven-resources-plugin:2.5:testResources (default-testResources) @ server-async-http ---
[debug] execute contextualize
[WARNING] Using platform encoding (UTF-8 actually) to copy filtered resources, i.e. build is platform dependent!
[INFO] skip non existing resourceDirectory /home/rsigal/git.master.new/Resteasy/jaxrs/examples/jaxrs-2.0/server-async-http/src/test/resources
[INFO] 
[INFO] --- maven-compiler-plugin:2.3.1:testCompile (default-testCompile) @ server-async-http ---
[INFO] No sources to compile
[INFO] 
[INFO] --- maven-surefire-plugin:2.10:test (default-test) @ server-async-http ---
[INFO] Tests are skipped.
[INFO] 
[INFO] --- maven-war-plugin:2.1.1:war (default-war) @ server-async-http ---
[INFO] Packaging webapp
[INFO] Assembling webapp [server-async-http] in [/home/rsigal/git.master.new/Resteasy/jaxrs/examples/jaxrs-2.0/server-async-http/target/chat]
[INFO] Processing war project
[INFO] Copying webapp resources [/home/rsigal/git.master.new/Resteasy/jaxrs/examples/jaxrs-2.0/server-async-http/src/main/webapp]
[INFO] Webapp assembled in [14 msecs]
[INFO] Building war: /home/rsigal/git.master.new/Resteasy/jaxrs/examples/jaxrs-2.0/server-async-http/target/chat.war
[INFO] WEB-INF/web.xml already added, skipping
[INFO] 
[INFO] >>> jetty-maven-plugin:8.1.4.v20120524:run (start-jetty) @ server-async-http >>>
[INFO] 
[INFO] --- maven-resources-plugin:2.5:resources (default-resources) @ server-async-http ---
[debug] execute contextualize
[WARNING] Using platform encoding (UTF-8 actually) to copy filtered resources, i.e. build is platform dependent!
[INFO] skip non existing resourceDirectory /home/rsigal/git.master.new/Resteasy/jaxrs/examples/jaxrs-2.0/server-async-http/src/main/resources
[INFO] 
[INFO] --- maven-compiler-plugin:2.3.1:compile (default-compile) @ server-async-http ---
[INFO] Nothing to compile - all classes are up to date
[INFO] 
[INFO] --- maven-resources-plugin:2.5:testResources (default-testResources) @ server-async-http ---
[debug] execute contextualize
[WARNING] Using platform encoding (UTF-8 actually) to copy filtered resources, i.e. build is platform dependent!
[INFO] skip non existing resourceDirectory /home/rsigal/git.master.new/Resteasy/jaxrs/examples/jaxrs-2.0/server-async-http/src/test/resources
[INFO] 
[INFO] --- maven-compiler-plugin:2.3.1:testCompile (default-testCompile) @ server-async-http ---
[INFO] No sources to compile
[INFO] 
[INFO] <<< jetty-maven-plugin:8.1.4.v20120524:run (start-jetty) @ server-async-http <<<
[INFO] 
[INFO] --- jetty-maven-plugin:8.1.4.v20120524:run (start-jetty) @ server-async-http ---
[INFO] Configuring Jetty for project: chat
[INFO] webAppSourceDirectory /home/rsigal/git.master.new/Resteasy/jaxrs/examples/jaxrs-2.0/server-async-http/src/main/webapp does not exist. Defaulting to /home/rsigal/git.master.new/Resteasy/jaxrs/examples/jaxrs-2.0/server-async-http/src/main/webapp
[INFO] Reload Mechanic: automatic
[INFO] Classes = /home/rsigal/git.master.new/Resteasy/jaxrs/examples/jaxrs-2.0/server-async-http/target/classes
[INFO] Context path = /
[INFO] Tmp directory = /home/rsigal/git.master.new/Resteasy/jaxrs/examples/jaxrs-2.0/server-async-http/target/tmp
[INFO] Web defaults = org/eclipse/jetty/webapp/webdefault.xml
[INFO] Web overrides =  none
[INFO] web.xml file = file:/home/rsigal/git.master.new/Resteasy/jaxrs/examples/jaxrs-2.0/server-async-http/src/main/webapp/WEB-INF/web.xml
[INFO] Webapp directory = /home/rsigal/git.master.new/Resteasy/jaxrs/examples/jaxrs-2.0/server-async-http/src/main/webapp
[INFO] Started Jetty Server
[INFO] 
[INFO] --- maven-surefire-plugin:2.10:test (surefire-it) @ server-async-http ---
[INFO] No tests to run.
[INFO] Surefire report directory: /home/rsigal/git.master.new/Resteasy/jaxrs/examples/jaxrs-2.0/server-async-http/target/surefire-reports

-------------------------------------------------------
 T E S T S
-------------------------------------------------------

Results :

Tests run: 0, Failures: 0, Errors: 0, Skipped: 0

[INFO] 
[INFO] --- jetty-maven-plugin:8.1.4.v20120524:stop (stop-jetty) @ server-async-http ---
[INFO] 
[INFO] >>> maven-source-plugin:2.1.2:jar (default) @ server-async-http >>>
Stopping server 0
[INFO] 
[INFO] <<< maven-source-plugin:2.1.2:jar (default) @ server-async-http <<<
[INFO] 
[INFO] --- maven-source-plugin:2.1.2:jar (default) @ server-async-http ---
[INFO] Building jar: /home/rsigal/git.master.new/Resteasy/jaxrs/examples/jaxrs-2.0/server-async-http/target/chat-sources.jar
[INFO] 
[INFO] --- maven-install-plugin:2.3.1:install (default-install) @ server-async-http ---
[INFO] Installing /home/rsigal/git.master.new/Resteasy/jaxrs/examples/jaxrs-2.0/server-async-http/target/chat.war to /home/rsigal/.m2/repository/org/jboss/resteasy/test/server-async-http/3.0.0.Final/server-async-http-3.0.0.Final.war
[INFO] Installing /home/rsigal/git.master.new/Resteasy/jaxrs/examples/jaxrs-2.0/server-async-http/pom.xml to /home/rsigal/.m2/repository/org/jboss/resteasy/test/server-async-http/3.0.0.Final/server-async-http-3.0.0.Final.pom
[INFO] Installing /home/rsigal/git.master.new/Resteasy/jaxrs/examples/jaxrs-2.0/server-async-http/target/chat-sources.jar to /home/rsigal/.m2/repository/org/jboss/resteasy/test/server-async-http/3.0.0.Final/server-async-http-3.0.0.Final-sources.jar
[INFO]                                                                         
[INFO] ------------------------------------------------------------------------
[INFO] Building Resteasy Examples 3.0.0.Final
[INFO] ------------------------------------------------------------------------
[INFO] 
[INFO] --- maven-clean-plugin:2.4.1:clean (default-clean) @ testable-examples-pom ---
[INFO] 
[INFO] >>> maven-source-plugin:2.1.2:jar (default) @ testable-examples-pom >>>
[INFO] 
[INFO] <<< maven-source-plugin:2.1.2:jar (default) @ testable-examples-pom <<<
[INFO] 
[INFO] --- maven-source-plugin:2.1.2:jar (default) @ testable-examples-pom ---
[INFO] 
[INFO] --- maven-install-plugin:2.3.1:install (default-install) @ testable-examples-pom ---
[INFO] Installing /home/rsigal/git.master.new/Resteasy/jaxrs/examples/pom.xml to /home/rsigal/.m2/repository/org/jboss/resteasy/testable-examples-pom/3.0.0.Final/testable-examples-pom-3.0.0.Final.pom
[INFO]                                                                         
[INFO] ------------------------------------------------------------------------
[INFO] Building Async HTTP Servlet 3.0 Test 3.0.0.Final
[INFO] ------------------------------------------------------------------------
[INFO] 
[INFO] --- maven-clean-plugin:2.4.1:clean (default-clean) @ async-http-servlet-3.0-test ---
[INFO] Deleting /home/rsigal/git.master.new/Resteasy/jaxrs/async-http-servlet-3.0/async-http-servlet-3.0-test/target
[INFO] 
[INFO] --- maven-resources-plugin:2.5:resources (default-resources) @ async-http-servlet-3.0-test ---
[debug] execute contextualize
[WARNING] Using platform encoding (UTF-8 actually) to copy filtered resources, i.e. build is platform dependent!
[INFO] skip non existing resourceDirectory /home/rsigal/git.master.new/Resteasy/jaxrs/async-http-servlet-3.0/async-http-servlet-3.0-test/src/main/resources
[INFO] 
[INFO] --- maven-compiler-plugin:2.3.1:compile (default-compile) @ async-http-servlet-3.0-test ---
[INFO] Compiling 3 source files to /home/rsigal/git.master.new/Resteasy/jaxrs/async-http-servlet-3.0/async-http-servlet-3.0-test/target/classes
[INFO] 
[INFO] --- maven-resources-plugin:2.5:testResources (default-testResources) @ async-http-servlet-3.0-test ---
[debug] execute contextualize
[WARNING] Using platform encoding (UTF-8 actually) to copy filtered resources, i.e. build is platform dependent!
[INFO] Copying 2 resources
[INFO] 
[INFO] --- maven-compiler-plugin:2.3.1:testCompile (default-testCompile) @ async-http-servlet-3.0-test ---
[INFO] Compiling 2 source files to /home/rsigal/git.master.new/Resteasy/jaxrs/async-http-servlet-3.0/async-http-servlet-3.0-test/target/test-classes
[INFO] 
[INFO] --- maven-surefire-plugin:2.10:test (default-test) @ async-http-servlet-3.0-test ---
[INFO] Tests are skipped.
[INFO] 
[INFO] --- maven-war-plugin:2.1.1:war (default-war) @ async-http-servlet-3.0-test ---
[INFO] Packaging webapp
[INFO] Assembling webapp [async-http-servlet-3.0-test] in [/home/rsigal/git.master.new/Resteasy/jaxrs/async-http-servlet-3.0/async-http-servlet-3.0-test/target/async-http-servlet-3.0-test-3.0.0.Final]
[INFO] Processing war project
[INFO] Copying webapp resources [/home/rsigal/git.master.new/Resteasy/jaxrs/async-http-servlet-3.0/async-http-servlet-3.0-test/src/main/webapp]
[INFO] Webapp assembled in [16 msecs]
[INFO] Building war: /home/rsigal/git.master.new/Resteasy/jaxrs/async-http-servlet-3.0/async-http-servlet-3.0-test/target/async-http-servlet-3.0-test-3.0.0.Final.war
[INFO] WEB-INF/web.xml already added, skipping
[INFO] 
[INFO] >>> jetty-maven-plugin:8.1.4.v20120524:run (start-jetty) @ async-http-servlet-3.0-test >>>
[INFO] 
[INFO] --- maven-resources-plugin:2.5:resources (default-resources) @ async-http-servlet-3.0-test ---
[debug] execute contextualize
[WARNING] Using platform encoding (UTF-8 actually) to copy filtered resources, i.e. build is platform dependent!
[INFO] skip non existing resourceDirectory /home/rsigal/git.master.new/Resteasy/jaxrs/async-http-servlet-3.0/async-http-servlet-3.0-test/src/main/resources
[INFO] 
[INFO] --- maven-compiler-plugin:2.3.1:compile (default-compile) @ async-http-servlet-3.0-test ---
[INFO] Nothing to compile - all classes are up to date
[INFO] 
[INFO] --- maven-resources-plugin:2.5:testResources (default-testResources) @ async-http-servlet-3.0-test ---
[debug] execute contextualize
[WARNING] Using platform encoding (UTF-8 actually) to copy filtered resources, i.e. build is platform dependent!
[INFO] Copying 2 resources
[INFO] 
[INFO] --- maven-compiler-plugin:2.3.1:testCompile (default-testCompile) @ async-http-servlet-3.0-test ---
[INFO] Nothing to compile - all classes are up to date
[INFO] 
[INFO] <<< jetty-maven-plugin:8.1.4.v20120524:run (start-jetty) @ async-http-servlet-3.0-test <<<
[INFO] 
[INFO] --- jetty-maven-plugin:8.1.4.v20120524:run (start-jetty) @ async-http-servlet-3.0-test ---
[INFO] Configuring Jetty for project: Async HTTP Servlet 3.0 Test
[INFO] webAppSourceDirectory /home/rsigal/git.master.new/Resteasy/jaxrs/async-http-servlet-3.0/async-http-servlet-3.0-test/src/main/webapp does not exist. Defaulting to /home/rsigal/git.master.new/Resteasy/jaxrs/async-http-servlet-3.0/async-http-servlet-3.0-test/src/main/webapp
[INFO] Reload Mechanic: automatic
[INFO] Classes = /home/rsigal/git.master.new/Resteasy/jaxrs/async-http-servlet-3.0/async-http-servlet-3.0-test/target/classes
[INFO] Context path = /
[INFO] Tmp directory = /home/rsigal/git.master.new/Resteasy/jaxrs/async-http-servlet-3.0/async-http-servlet-3.0-test/target/tmp
[INFO] Web defaults = org/eclipse/jetty/webapp/webdefault.xml
[INFO] Web overrides =  none
[INFO] web.xml file = file:/home/rsigal/git.master.new/Resteasy/jaxrs/async-http-servlet-3.0/async-http-servlet-3.0-test/src/main/webapp/WEB-INF/web.xml
[INFO] Webapp directory = /home/rsigal/git.master.new/Resteasy/jaxrs/async-http-servlet-3.0/async-http-servlet-3.0-test/src/main/webapp
[INFO] Started Jetty Server
[INFO] 
[INFO] --- maven-surefire-plugin:2.10:test (surefire-it) @ async-http-servlet-3.0-test ---
[INFO] Surefire report directory: /home/rsigal/git.master.new/Resteasy/jaxrs/async-http-servlet-3.0/async-http-servlet-3.0-test/target/surefire-reports

-------------------------------------------------------
 T E S T S
-------------------------------------------------------
Running org.jboss.resteasy.test.async.AsyncTest
STARTED!!!!
STARTED!!!!
Tests run: 2, Failures: 0, Errors: 0, Skipped: 0, Time elapsed: 1.065 sec
Running org.jboss.resteasy.test.async.JaxrsAsyncTest
STARTED!!!!
STARTED!!!!
cancel awaiting thread
Cancelling...
cancel resuming
Tests run: 3, Failures: 0, Errors: 0, Skipped: 0, Time elapsed: 0.632 sec

Results :

Tests run: 5, Failures: 0, Errors: 0, Skipped: 0

[INFO] 
[INFO] --- jetty-maven-plugin:8.1.4.v20120524:stop (stop-jetty) @ async-http-servlet-3.0-test ---
[INFO] Stopping server 0

[INFO] >>> maven-source-plugin:2.1.2:jar (default) @ async-http-servlet-3.0-test >>>
[INFO] 
[INFO] <<< maven-source-plugin:2.1.2:jar (default) @ async-http-servlet-3.0-test <<<
[INFO] 
[INFO] --- maven-source-plugin:2.1.2:jar (default) @ async-http-servlet-3.0-test ---
[INFO] Building jar: /home/rsigal/git.master.new/Resteasy/jaxrs/async-http-servlet-3.0/async-http-servlet-3.0-test/target/async-http-servlet-3.0-test-3.0.0.Final-sources.jar
[INFO] 
[INFO] --- maven-install-plugin:2.3.1:install (default-install) @ async-http-servlet-3.0-test ---
[INFO] Installing /home/rsigal/git.master.new/Resteasy/jaxrs/async-http-servlet-3.0/async-http-servlet-3.0-test/target/async-http-servlet-3.0-test-3.0.0.Final.war to /home/rsigal/.m2/repository/org/jboss/resteasy/async-http-servlet-3.0-test/3.0.0.Final/async-http-servlet-3.0-test-3.0.0.Final.war
[INFO] Installing /home/rsigal/git.master.new/Resteasy/jaxrs/async-http-servlet-3.0/async-http-servlet-3.0-test/pom.xml to /home/rsigal/.m2/repository/org/jboss/resteasy/async-http-servlet-3.0-test/3.0.0.Final/async-http-servlet-3.0-test-3.0.0.Final.pom
[INFO] Installing /home/rsigal/git.master.new/Resteasy/jaxrs/async-http-servlet-3.0/async-http-servlet-3.0-test/target/async-http-servlet-3.0-test-3.0.0.Final-sources.jar to /home/rsigal/.m2/repository/org/jboss/resteasy/async-http-servlet-3.0-test/3.0.0.Final/async-http-servlet-3.0-test-3.0.0.Final-sources.jar
[INFO]                                                                         
[INFO] ------------------------------------------------------------------------
[INFO] Building Async Http JBossWeb 3.0.0.Final
[INFO] ------------------------------------------------------------------------
[INFO] 
[INFO] --- maven-clean-plugin:2.4.1:clean (default-clean) @ asynch-http-servlet-3.0-pom ---
[INFO] 
[INFO] >>> maven-source-plugin:2.1.2:jar (default) @ asynch-http-servlet-3.0-pom >>>
[INFO] 
[INFO] <<< maven-source-plugin:2.1.2:jar (default) @ asynch-http-servlet-3.0-pom <<<
[INFO] 
[INFO] --- maven-source-plugin:2.1.2:jar (default) @ asynch-http-servlet-3.0-pom ---
[INFO] 
[INFO] --- maven-install-plugin:2.3.1:install (default-install) @ asynch-http-servlet-3.0-pom ---
[INFO] Installing /home/rsigal/git.master.new/Resteasy/jaxrs/async-http-servlet-3.0/pom.xml to /home/rsigal/.m2/repository/org/jboss/resteasy/asynch-http-servlet-3.0-pom/3.0.0.Final/asynch-http-servlet-3.0-pom-3.0.0.Final.pom
[INFO]                                                                         
[INFO] ------------------------------------------------------------------------
[INFO] Building Resteasy JBoss Modules 3.0.0.Final
[INFO] ------------------------------------------------------------------------
[INFO] 
[INFO] --- maven-clean-plugin:2.4.1:clean (default-clean) @ resteasy-jboss-modules ---
[INFO] Deleting /home/rsigal/git.master.new/Resteasy/jaxrs/jboss-modules/target
[INFO] 
[INFO] --- maven-antrun-plugin:1.7:run (build-dist-as7) @ resteasy-jboss-modules ---
[INFO] Executing tasks

main:

all:
     [copy] Copying 1 file to /home/rsigal/git.master.new/Resteasy/jaxrs/jboss-modules/src/main/resources/modules/org/jboss/resteasy/resteasy-jaxrs

modules:
     [echo] Initializing module -> org.bouncycastle
    [mkdir] Created dir: /home/rsigal/git.master.new/Resteasy/jaxrs/jboss-modules/target/mavenized/modules/org/bouncycastle/main
     [copy] Copying 1 file to /home/rsigal/git.master.new/Resteasy/jaxrs/jboss-modules/target/mavenized/modules/org/bouncycastle/main
     [echo] Initializing module -> org.codehaus.jackson.jackson-core-asl
    [mkdir] Created dir: /home/rsigal/git.master.new/Resteasy/jaxrs/jboss-modules/target/mavenized/modules/org/codehaus/jackson/jackson-core-asl/main
     [copy] Copying 1 file to /home/rsigal/git.master.new/Resteasy/jaxrs/jboss-modules/target/mavenized/modules/org/codehaus/jackson/jackson-core-asl/main
     [echo] Initializing module -> org.codehaus.jackson.jackson-jaxrs
    [mkdir] Created dir: /home/rsigal/git.master.new/Resteasy/jaxrs/jboss-modules/target/mavenized/modules/org/codehaus/jackson/jackson-jaxrs/main
     [copy] Copying 1 file to /home/rsigal/git.master.new/Resteasy/jaxrs/jboss-modules/target/mavenized/modules/org/codehaus/jackson/jackson-jaxrs/main
     [echo] Initializing module -> org.codehaus.jackson.jackson-mapper-asl
    [mkdir] Created dir: /home/rsigal/git.master.new/Resteasy/jaxrs/jboss-modules/target/mavenized/modules/org/codehaus/jackson/jackson-mapper-asl/main
     [copy] Copying 1 file to /home/rsigal/git.master.new/Resteasy/jaxrs/jboss-modules/target/mavenized/modules/org/codehaus/jackson/jackson-mapper-asl/main
     [echo] Initializing module -> org.codehaus.jackson.jackson-xc
    [mkdir] Created dir: /home/rsigal/git.master.new/Resteasy/jaxrs/jboss-modules/target/mavenized/modules/org/codehaus/jackson/jackson-xc/main
     [copy] Copying 1 file to /home/rsigal/git.master.new/Resteasy/jaxrs/jboss-modules/target/mavenized/modules/org/codehaus/jackson/jackson-xc/main
     [echo] Initializing module -> org.codehaus.jettison
    [mkdir] Created dir: /home/rsigal/git.master.new/Resteasy/jaxrs/jboss-modules/target/mavenized/modules/org/codehaus/jettison/main
     [copy] Copying 1 file to /home/rsigal/git.master.new/Resteasy/jaxrs/jboss-modules/target/mavenized/modules/org/codehaus/jettison/main
     [echo] Initializing module -> com.fasterxml.jackson.core.jackson-core
    [mkdir] Created dir: /home/rsigal/git.master.new/Resteasy/jaxrs/jboss-modules/target/mavenized/modules/com/fasterxml/jackson/core/jackson-core/main
     [copy] Copying 1 file to /home/rsigal/git.master.new/Resteasy/jaxrs/jboss-modules/target/mavenized/modules/com/fasterxml/jackson/core/jackson-core/main
     [echo] Initializing module -> com.fasterxml.jackson.core.jackson-databind
    [mkdir] Created dir: /home/rsigal/git.master.new/Resteasy/jaxrs/jboss-modules/target/mavenized/modules/com/fasterxml/jackson/core/jackson-databind/main
     [copy] Copying 1 file to /home/rsigal/git.master.new/Resteasy/jaxrs/jboss-modules/target/mavenized/modules/com/fasterxml/jackson/core/jackson-databind/main
     [echo] Initializing module -> com.fasterxml.jackson.core.jackson-annotations
    [mkdir] Created dir: /home/rsigal/git.master.new/Resteasy/jaxrs/jboss-modules/target/mavenized/modules/com/fasterxml/jackson/core/jackson-annotations/main
     [copy] Copying 1 file to /home/rsigal/git.master.new/Resteasy/jaxrs/jboss-modules/target/mavenized/modules/com/fasterxml/jackson/core/jackson-annotations/main
     [echo] Initializing module -> com.fasterxml.jackson.jaxrs.jackson-jaxrs-json-provider
    [mkdir] Created dir: /home/rsigal/git.master.new/Resteasy/jaxrs/jboss-modules/target/mavenized/modules/com/fasterxml/jackson/jaxrs/jackson-jaxrs-json-provider/main
     [copy] Copying 1 file to /home/rsigal/git.master.new/Resteasy/jaxrs/jboss-modules/target/mavenized/modules/com/fasterxml/jackson/jaxrs/jackson-jaxrs-json-provider/main
     [echo] Initializing module -> javax.ws.rs.api
    [mkdir] Created dir: /home/rsigal/git.master.new/Resteasy/jaxrs/jboss-modules/target/mavenized/modules/javax/ws/rs/api/main
     [copy] Copying 1 file to /home/rsigal/git.master.new/Resteasy/jaxrs/jboss-modules/target/mavenized/modules/javax/ws/rs/api/main
     [echo] Initializing module -> org.jboss.resteasy.resteasy-atom-provider
    [mkdir] Created dir: /home/rsigal/git.master.new/Resteasy/jaxrs/jboss-modules/target/mavenized/modules/org/jboss/resteasy/resteasy-atom-provider/main
     [copy] Copying 1 file to /home/rsigal/git.master.new/Resteasy/jaxrs/jboss-modules/target/mavenized/modules/org/jboss/resteasy/resteasy-atom-provider/main
     [echo] Initializing module -> org.jboss.resteasy.resteasy-cdi
    [mkdir] Created dir: /home/rsigal/git.master.new/Resteasy/jaxrs/jboss-modules/target/mavenized/modules/org/jboss/resteasy/resteasy-cdi/main
     [copy] Copying 1 file to /home/rsigal/git.master.new/Resteasy/jaxrs/jboss-modules/target/mavenized/modules/org/jboss/resteasy/resteasy-cdi/main
     [echo] Initializing module -> org.jboss.resteasy.resteasy-crypto
    [mkdir] Created dir: /home/rsigal/git.master.new/Resteasy/jaxrs/jboss-modules/target/mavenized/modules/org/jboss/resteasy/resteasy-crypto/main
     [copy] Copying 1 file to /home/rsigal/git.master.new/Resteasy/jaxrs/jboss-modules/target/mavenized/modules/org/jboss/resteasy/resteasy-crypto/main
     [echo] Initializing module -> org.jboss.resteasy.resteasy-hibernatevalidator-provider
    [mkdir] Created dir: /home/rsigal/git.master.new/Resteasy/jaxrs/jboss-modules/target/mavenized/modules/org/jboss/resteasy/resteasy-hibernatevalidator-provider/main
     [copy] Copying 1 file to /home/rsigal/git.master.new/Resteasy/jaxrs/jboss-modules/target/mavenized/modules/org/jboss/resteasy/resteasy-hibernatevalidator-provider/main
     [echo] Initializing module -> org.jboss.resteasy.resteasy-jackson-provider
    [mkdir] Created dir: /home/rsigal/git.master.new/Resteasy/jaxrs/jboss-modules/target/mavenized/modules/org/jboss/resteasy/resteasy-jackson-provider/main
     [copy] Copying 1 file to /home/rsigal/git.master.new/Resteasy/jaxrs/jboss-modules/target/mavenized/modules/org/jboss/resteasy/resteasy-jackson-provider/main
     [echo] Initializing module -> org.jboss.resteasy.resteasy-jackson2-provider
    [mkdir] Created dir: /home/rsigal/git.master.new/Resteasy/jaxrs/jboss-modules/target/mavenized/modules/org/jboss/resteasy/resteasy-jackson2-provider/main
     [copy] Copying 1 file to /home/rsigal/git.master.new/Resteasy/jaxrs/jboss-modules/target/mavenized/modules/org/jboss/resteasy/resteasy-jackson2-provider/main
     [echo] Initializing module -> org.jboss.resteasy.resteasy-jaxb-provider
    [mkdir] Created dir: /home/rsigal/git.master.new/Resteasy/jaxrs/jboss-modules/target/mavenized/modules/org/jboss/resteasy/resteasy-jaxb-provider/main
     [copy] Copying 1 file to /home/rsigal/git.master.new/Resteasy/jaxrs/jboss-modules/target/mavenized/modules/org/jboss/resteasy/resteasy-jaxb-provider/main
     [echo] Initializing module -> org.jboss.resteasy.resteasy-jettison-provider
    [mkdir] Created dir: /home/rsigal/git.master.new/Resteasy/jaxrs/jboss-modules/target/mavenized/modules/org/jboss/resteasy/resteasy-jettison-provider/main
     [copy] Copying 1 file to /home/rsigal/git.master.new/Resteasy/jaxrs/jboss-modules/target/mavenized/modules/org/jboss/resteasy/resteasy-jettison-provider/main
     [echo] Initializing module -> org.jboss.resteasy.resteasy-jaxrs
    [mkdir] Created dir: /home/rsigal/git.master.new/Resteasy/jaxrs/jboss-modules/target/mavenized/modules/org/jboss/resteasy/resteasy-jaxrs/main
     [copy] Copying 1 file to /home/rsigal/git.master.new/Resteasy/jaxrs/jboss-modules/target/mavenized/modules/org/jboss/resteasy/resteasy-jaxrs/main
     [echo] Initializing module -> org.jboss.resteasy.jose-jwt
    [mkdir] Created dir: /home/rsigal/git.master.new/Resteasy/jaxrs/jboss-modules/target/mavenized/modules/org/jboss/resteasy/jose-jwt/main
     [copy] Copying 1 file to /home/rsigal/git.master.new/Resteasy/jaxrs/jboss-modules/target/mavenized/modules/org/jboss/resteasy/jose-jwt/main
     [echo] Initializing module -> org.jboss.resteasy.resteasy-jsapi
    [mkdir] Created dir: /home/rsigal/git.master.new/Resteasy/jaxrs/jboss-modules/target/mavenized/modules/org/jboss/resteasy/resteasy-jsapi/main
     [copy] Copying 1 file to /home/rsigal/git.master.new/Resteasy/jaxrs/jboss-modules/target/mavenized/modules/org/jboss/resteasy/resteasy-jsapi/main
     [echo] Initializing module -> org.jboss.resteasy.resteasy-multipart-provider
    [mkdir] Created dir: /home/rsigal/git.master.new/Resteasy/jaxrs/jboss-modules/target/mavenized/modules/org/jboss/resteasy/resteasy-multipart-provider/main
     [copy] Copying 1 file to /home/rsigal/git.master.new/Resteasy/jaxrs/jboss-modules/target/mavenized/modules/org/jboss/resteasy/resteasy-multipart-provider/main
     [echo] Initializing module -> org.jboss.resteasy.resteasy-yaml-provider
    [mkdir] Created dir: /home/rsigal/git.master.new/Resteasy/jaxrs/jboss-modules/target/mavenized/modules/org/jboss/resteasy/resteasy-yaml-provider/main
     [copy] Copying 1 file to /home/rsigal/git.master.new/Resteasy/jaxrs/jboss-modules/target/mavenized/modules/org/jboss/resteasy/resteasy-yaml-provider/main
     [echo] Initializing module -> org.jboss.resteasy.skeleton-key
    [mkdir] Created dir: /home/rsigal/git.master.new/Resteasy/jaxrs/jboss-modules/target/mavenized/modules/org/jboss/resteasy/skeleton-key/main
     [copy] Copying 1 file to /home/rsigal/git.master.new/Resteasy/jaxrs/jboss-modules/target/mavenized/modules/org/jboss/resteasy/skeleton-key/main
      [zip] Building zip: /home/rsigal/git.master.new/Resteasy/jaxrs/jboss-modules/target/mavenized/resteasy-jboss-modules-3.0.0.Final.zip

modules:
     [echo] Initializing module -> org.bouncycastle
    [mkdir] Created dir: /home/rsigal/git.master.new/Resteasy/jaxrs/jboss-modules/target/modules/org/bouncycastle/main
     [copy] Copying 1 file to /home/rsigal/git.master.new/Resteasy/jaxrs/jboss-modules/target/modules/org/bouncycastle/main
     [copy] Copying 1 file to /home/rsigal/git.master.new/Resteasy/jaxrs/jboss-modules/target/modules/org/bouncycastle/main
     [copy] Copying 1 file to /home/rsigal/git.master.new/Resteasy/jaxrs/jboss-modules/target/modules/org/bouncycastle/main
     [echo] Initializing module -> org.codehaus.jackson.jackson-core-asl
    [mkdir] Created dir: /home/rsigal/git.master.new/Resteasy/jaxrs/jboss-modules/target/modules/org/codehaus/jackson/jackson-core-asl/main
     [copy] Copying 1 file to /home/rsigal/git.master.new/Resteasy/jaxrs/jboss-modules/target/modules/org/codehaus/jackson/jackson-core-asl/main
     [copy] Copying 1 file to /home/rsigal/git.master.new/Resteasy/jaxrs/jboss-modules/target/modules/org/codehaus/jackson/jackson-core-asl/main
     [echo] Initializing module -> org.codehaus.jackson.jackson-jaxrs
    [mkdir] Created dir: /home/rsigal/git.master.new/Resteasy/jaxrs/jboss-modules/target/modules/org/codehaus/jackson/jackson-jaxrs/main
     [copy] Copying 1 file to /home/rsigal/git.master.new/Resteasy/jaxrs/jboss-modules/target/modules/org/codehaus/jackson/jackson-jaxrs/main
     [copy] Copying 1 file to /home/rsigal/git.master.new/Resteasy/jaxrs/jboss-modules/target/modules/org/codehaus/jackson/jackson-jaxrs/main
     [echo] Initializing module -> org.codehaus.jackson.jackson-mapper-asl
    [mkdir] Created dir: /home/rsigal/git.master.new/Resteasy/jaxrs/jboss-modules/target/modules/org/codehaus/jackson/jackson-mapper-asl/main
     [copy] Copying 1 file to /home/rsigal/git.master.new/Resteasy/jaxrs/jboss-modules/target/modules/org/codehaus/jackson/jackson-mapper-asl/main
     [copy] Copying 1 file to /home/rsigal/git.master.new/Resteasy/jaxrs/jboss-modules/target/modules/org/codehaus/jackson/jackson-mapper-asl/main
     [echo] Initializing module -> org.codehaus.jackson.jackson-xc
    [mkdir] Created dir: /home/rsigal/git.master.new/Resteasy/jaxrs/jboss-modules/target/modules/org/codehaus/jackson/jackson-xc/main
     [copy] Copying 1 file to /home/rsigal/git.master.new/Resteasy/jaxrs/jboss-modules/target/modules/org/codehaus/jackson/jackson-xc/main
     [copy] Copying 1 file to /home/rsigal/git.master.new/Resteasy/jaxrs/jboss-modules/target/modules/org/codehaus/jackson/jackson-xc/main
     [echo] Initializing module -> org.codehaus.jettison
    [mkdir] Created dir: /home/rsigal/git.master.new/Resteasy/jaxrs/jboss-modules/target/modules/org/codehaus/jettison/main
     [copy] Copying 1 file to /home/rsigal/git.master.new/Resteasy/jaxrs/jboss-modules/target/modules/org/codehaus/jettison/main
     [copy] Copying 1 file to /home/rsigal/git.master.new/Resteasy/jaxrs/jboss-modules/target/modules/org/codehaus/jettison/main
     [echo] Initializing module -> com.fasterxml.jackson.core.jackson-core
    [mkdir] Created dir: /home/rsigal/git.master.new/Resteasy/jaxrs/jboss-modules/target/modules/com/fasterxml/jackson/core/jackson-core/main
     [copy] Copying 1 file to /home/rsigal/git.master.new/Resteasy/jaxrs/jboss-modules/target/modules/com/fasterxml/jackson/core/jackson-core/main
     [copy] Copying 1 file to /home/rsigal/git.master.new/Resteasy/jaxrs/jboss-modules/target/modules/com/fasterxml/jackson/core/jackson-core/main
     [echo] Initializing module -> com.fasterxml.jackson.core.jackson-databind
    [mkdir] Created dir: /home/rsigal/git.master.new/Resteasy/jaxrs/jboss-modules/target/modules/com/fasterxml/jackson/core/jackson-databind/main
     [copy] Copying 1 file to /home/rsigal/git.master.new/Resteasy/jaxrs/jboss-modules/target/modules/com/fasterxml/jackson/core/jackson-databind/main
     [copy] Copying 1 file to /home/rsigal/git.master.new/Resteasy/jaxrs/jboss-modules/target/modules/com/fasterxml/jackson/core/jackson-databind/main
     [echo] Initializing module -> com.fasterxml.jackson.core.jackson-annotations
    [mkdir] Created dir: /home/rsigal/git.master.new/Resteasy/jaxrs/jboss-modules/target/modules/com/fasterxml/jackson/core/jackson-annotations/main
     [copy] Copying 1 file to /home/rsigal/git.master.new/Resteasy/jaxrs/jboss-modules/target/modules/com/fasterxml/jackson/core/jackson-annotations/main
     [copy] Copying 1 file to /home/rsigal/git.master.new/Resteasy/jaxrs/jboss-modules/target/modules/com/fasterxml/jackson/core/jackson-annotations/main
     [echo] Initializing module -> com.fasterxml.jackson.jaxrs.jackson-jaxrs-json-provider
    [mkdir] Created dir: /home/rsigal/git.master.new/Resteasy/jaxrs/jboss-modules/target/modules/com/fasterxml/jackson/jaxrs/jackson-jaxrs-json-provider/main
     [copy] Copying 1 file to /home/rsigal/git.master.new/Resteasy/jaxrs/jboss-modules/target/modules/com/fasterxml/jackson/jaxrs/jackson-jaxrs-json-provider/main
     [copy] Copying 1 file to /home/rsigal/git.master.new/Resteasy/jaxrs/jboss-modules/target/modules/com/fasterxml/jackson/jaxrs/jackson-jaxrs-json-provider/main
     [echo] Initializing module -> javax.ws.rs.api
    [mkdir] Created dir: /home/rsigal/git.master.new/Resteasy/jaxrs/jboss-modules/target/modules/javax/ws/rs/api/main
     [copy] Copying 1 file to /home/rsigal/git.master.new/Resteasy/jaxrs/jboss-modules/target/modules/javax/ws/rs/api/main
     [copy] Copying 1 file to /home/rsigal/git.master.new/Resteasy/jaxrs/jboss-modules/target/modules/javax/ws/rs/api/main
     [echo] Initializing module -> org.jboss.resteasy.resteasy-atom-provider
    [mkdir] Created dir: /home/rsigal/git.master.new/Resteasy/jaxrs/jboss-modules/target/modules/org/jboss/resteasy/resteasy-atom-provider/main
     [copy] Copying 1 file to /home/rsigal/git.master.new/Resteasy/jaxrs/jboss-modules/target/modules/org/jboss/resteasy/resteasy-atom-provider/main
     [copy] Copying 1 file to /home/rsigal/git.master.new/Resteasy/jaxrs/jboss-modules/target/modules/org/jboss/resteasy/resteasy-atom-provider/main
     [echo] Initializing module -> org.jboss.resteasy.resteasy-cdi
    [mkdir] Created dir: /home/rsigal/git.master.new/Resteasy/jaxrs/jboss-modules/target/modules/org/jboss/resteasy/resteasy-cdi/main
     [copy] Copying 1 file to /home/rsigal/git.master.new/Resteasy/jaxrs/jboss-modules/target/modules/org/jboss/resteasy/resteasy-cdi/main
     [copy] Copying 1 file to /home/rsigal/git.master.new/Resteasy/jaxrs/jboss-modules/target/modules/org/jboss/resteasy/resteasy-cdi/main
     [echo] Initializing module -> org.jboss.resteasy.resteasy-crypto
    [mkdir] Created dir: /home/rsigal/git.master.new/Resteasy/jaxrs/jboss-modules/target/modules/org/jboss/resteasy/resteasy-crypto/main
     [copy] Copying 1 file to /home/rsigal/git.master.new/Resteasy/jaxrs/jboss-modules/target/modules/org/jboss/resteasy/resteasy-crypto/main
     [copy] Copying 1 file to /home/rsigal/git.master.new/Resteasy/jaxrs/jboss-modules/target/modules/org/jboss/resteasy/resteasy-crypto/main
     [echo] Initializing module -> org.jboss.resteasy.resteasy-hibernatevalidator-provider
    [mkdir] Created dir: /home/rsigal/git.master.new/Resteasy/jaxrs/jboss-modules/target/modules/org/jboss/resteasy/resteasy-hibernatevalidator-provider/main
     [copy] Copying 1 file to /home/rsigal/git.master.new/Resteasy/jaxrs/jboss-modules/target/modules/org/jboss/resteasy/resteasy-hibernatevalidator-provider/main
     [copy] Copying 1 file to /home/rsigal/git.master.new/Resteasy/jaxrs/jboss-modules/target/modules/org/jboss/resteasy/resteasy-hibernatevalidator-provider/main
     [echo] Initializing module -> org.jboss.resteasy.resteasy-jackson-provider
    [mkdir] Created dir: /home/rsigal/git.master.new/Resteasy/jaxrs/jboss-modules/target/modules/org/jboss/resteasy/resteasy-jackson-provider/main
     [copy] Copying 1 file to /home/rsigal/git.master.new/Resteasy/jaxrs/jboss-modules/target/modules/org/jboss/resteasy/resteasy-jackson-provider/main
     [copy] Copying 1 file to /home/rsigal/git.master.new/Resteasy/jaxrs/jboss-modules/target/modules/org/jboss/resteasy/resteasy-jackson-provider/main
     [echo] Initializing module -> org.jboss.resteasy.resteasy-jackson2-provider
    [mkdir] Created dir: /home/rsigal/git.master.new/Resteasy/jaxrs/jboss-modules/target/modules/org/jboss/resteasy/resteasy-jackson2-provider/main
     [copy] Copying 1 file to /home/rsigal/git.master.new/Resteasy/jaxrs/jboss-modules/target/modules/org/jboss/resteasy/resteasy-jackson2-provider/main
     [copy] Copying 1 file to /home/rsigal/git.master.new/Resteasy/jaxrs/jboss-modules/target/modules/org/jboss/resteasy/resteasy-jackson2-provider/main
     [echo] Initializing module -> org.jboss.resteasy.resteasy-jaxb-provider
    [mkdir] Created dir: /home/rsigal/git.master.new/Resteasy/jaxrs/jboss-modules/target/modules/org/jboss/resteasy/resteasy-jaxb-provider/main
     [copy] Copying 1 file to /home/rsigal/git.master.new/Resteasy/jaxrs/jboss-modules/target/modules/org/jboss/resteasy/resteasy-jaxb-provider/main
     [copy] Copying 1 file to /home/rsigal/git.master.new/Resteasy/jaxrs/jboss-modules/target/modules/org/jboss/resteasy/resteasy-jaxb-provider/main
     [echo] Initializing module -> org.jboss.resteasy.resteasy-jettison-provider
    [mkdir] Created dir: /home/rsigal/git.master.new/Resteasy/jaxrs/jboss-modules/target/modules/org/jboss/resteasy/resteasy-jettison-provider/main
     [copy] Copying 1 file to /home/rsigal/git.master.new/Resteasy/jaxrs/jboss-modules/target/modules/org/jboss/resteasy/resteasy-jettison-provider/main
     [copy] Copying 1 file to /home/rsigal/git.master.new/Resteasy/jaxrs/jboss-modules/target/modules/org/jboss/resteasy/resteasy-jettison-provider/main
     [echo] Initializing module -> org.jboss.resteasy.resteasy-jaxrs
    [mkdir] Created dir: /home/rsigal/git.master.new/Resteasy/jaxrs/jboss-modules/target/modules/org/jboss/resteasy/resteasy-jaxrs/main
     [copy] Copying 1 file to /home/rsigal/git.master.new/Resteasy/jaxrs/jboss-modules/target/modules/org/jboss/resteasy/resteasy-jaxrs/main
     [copy] Copying 1 file to /home/rsigal/git.master.new/Resteasy/jaxrs/jboss-modules/target/modules/org/jboss/resteasy/resteasy-jaxrs/main
     [copy] Copying 1 file to /home/rsigal/git.master.new/Resteasy/jaxrs/jboss-modules/target/modules/org/jboss/resteasy/resteasy-jaxrs/main
     [copy] Copying 1 file to /home/rsigal/git.master.new/Resteasy/jaxrs/jboss-modules/target/modules/org/jboss/resteasy/resteasy-jaxrs/main
     [echo] Initializing module -> org.jboss.resteasy.jose-jwt
    [mkdir] Created dir: /home/rsigal/git.master.new/Resteasy/jaxrs/jboss-modules/target/modules/org/jboss/resteasy/jose-jwt/main
     [copy] Copying 1 file to /home/rsigal/git.master.new/Resteasy/jaxrs/jboss-modules/target/modules/org/jboss/resteasy/jose-jwt/main
     [copy] Copying 1 file to /home/rsigal/git.master.new/Resteasy/jaxrs/jboss-modules/target/modules/org/jboss/resteasy/jose-jwt/main
     [echo] Initializing module -> org.jboss.resteasy.resteasy-jsapi
    [mkdir] Created dir: /home/rsigal/git.master.new/Resteasy/jaxrs/jboss-modules/target/modules/org/jboss/resteasy/resteasy-jsapi/main
     [copy] Copying 1 file to /home/rsigal/git.master.new/Resteasy/jaxrs/jboss-modules/target/modules/org/jboss/resteasy/resteasy-jsapi/main
     [copy] Copying 1 file to /home/rsigal/git.master.new/Resteasy/jaxrs/jboss-modules/target/modules/org/jboss/resteasy/resteasy-jsapi/main
     [echo] Initializing module -> org.jboss.resteasy.resteasy-multipart-provider
    [mkdir] Created dir: /home/rsigal/git.master.new/Resteasy/jaxrs/jboss-modules/target/modules/org/jboss/resteasy/resteasy-multipart-provider/main
     [copy] Copying 1 file to /home/rsigal/git.master.new/Resteasy/jaxrs/jboss-modules/target/modules/org/jboss/resteasy/resteasy-multipart-provider/main
     [copy] Copying 1 file to /home/rsigal/git.master.new/Resteasy/jaxrs/jboss-modules/target/modules/org/jboss/resteasy/resteasy-multipart-provider/main
     [echo] Initializing module -> org.jboss.resteasy.resteasy-yaml-provider
    [mkdir] Created dir: /home/rsigal/git.master.new/Resteasy/jaxrs/jboss-modules/target/modules/org/jboss/resteasy/resteasy-yaml-provider/main
     [copy] Copying 1 file to /home/rsigal/git.master.new/Resteasy/jaxrs/jboss-modules/target/modules/org/jboss/resteasy/resteasy-yaml-provider/main
     [copy] Copying 1 file to /home/rsigal/git.master.new/Resteasy/jaxrs/jboss-modules/target/modules/org/jboss/resteasy/resteasy-yaml-provider/main
     [echo] Initializing module -> org.jboss.resteasy.skeleton-key
    [mkdir] Created dir: /home/rsigal/git.master.new/Resteasy/jaxrs/jboss-modules/target/modules/org/jboss/resteasy/skeleton-key/main
     [copy] Copying 1 file to /home/rsigal/git.master.new/Resteasy/jaxrs/jboss-modules/target/modules/org/jboss/resteasy/skeleton-key/main
     [copy] Copying 1 file to /home/rsigal/git.master.new/Resteasy/jaxrs/jboss-modules/target/modules/org/jboss/resteasy/skeleton-key/main
     [copy] Copying 1 file to /home/rsigal/git.master.new/Resteasy/jaxrs/jboss-modules/target/modules/org/jboss/resteasy/skeleton-key/main
      [zip] Building zip: /home/rsigal/git.master.new/Resteasy/jaxrs/jboss-modules/target/resteasy-jboss-modules-3.0.0.Final.zip
[INFO] Executed tasks
[INFO] 
[INFO] --- maven-antrun-plugin:1.7:run (build-dist-wf8) @ resteasy-jboss-modules ---
[INFO] Executing tasks

main:

all:
   [delete] Deleting directory /home/rsigal/git.master.new/Resteasy/jaxrs/jboss-modules/target/mavenized
     [copy] Copying 1 file to /home/rsigal/git.master.new/Resteasy/jaxrs/jboss-modules/src/main/resources/modules/org/jboss/resteasy/resteasy-jaxrs

modules:
     [echo] Initializing module -> org.bouncycastle
    [mkdir] Created dir: /home/rsigal/git.master.new/Resteasy/jaxrs/jboss-modules/target/mavenized/modules/org/bouncycastle/main
     [copy] Copying 1 file to /home/rsigal/git.master.new/Resteasy/jaxrs/jboss-modules/target/mavenized/modules/org/bouncycastle/main
     [echo] Initializing module -> org.codehaus.jackson.jackson-core-asl
    [mkdir] Created dir: /home/rsigal/git.master.new/Resteasy/jaxrs/jboss-modules/target/mavenized/modules/org/codehaus/jackson/jackson-core-asl/main
     [copy] Copying 1 file to /home/rsigal/git.master.new/Resteasy/jaxrs/jboss-modules/target/mavenized/modules/org/codehaus/jackson/jackson-core-asl/main
     [echo] Initializing module -> org.codehaus.jackson.jackson-jaxrs
    [mkdir] Created dir: /home/rsigal/git.master.new/Resteasy/jaxrs/jboss-modules/target/mavenized/modules/org/codehaus/jackson/jackson-jaxrs/main
     [copy] Copying 1 file to /home/rsigal/git.master.new/Resteasy/jaxrs/jboss-modules/target/mavenized/modules/org/codehaus/jackson/jackson-jaxrs/main
     [echo] Initializing module -> org.codehaus.jackson.jackson-mapper-asl
    [mkdir] Created dir: /home/rsigal/git.master.new/Resteasy/jaxrs/jboss-modules/target/mavenized/modules/org/codehaus/jackson/jackson-mapper-asl/main
     [copy] Copying 1 file to /home/rsigal/git.master.new/Resteasy/jaxrs/jboss-modules/target/mavenized/modules/org/codehaus/jackson/jackson-mapper-asl/main
     [echo] Initializing module -> org.codehaus.jackson.jackson-xc
    [mkdir] Created dir: /home/rsigal/git.master.new/Resteasy/jaxrs/jboss-modules/target/mavenized/modules/org/codehaus/jackson/jackson-xc/main
     [copy] Copying 1 file to /home/rsigal/git.master.new/Resteasy/jaxrs/jboss-modules/target/mavenized/modules/org/codehaus/jackson/jackson-xc/main
     [echo] Initializing module -> org.codehaus.jettison
    [mkdir] Created dir: /home/rsigal/git.master.new/Resteasy/jaxrs/jboss-modules/target/mavenized/modules/org/codehaus/jettison/main
     [copy] Copying 1 file to /home/rsigal/git.master.new/Resteasy/jaxrs/jboss-modules/target/mavenized/modules/org/codehaus/jettison/main
     [echo] Initializing module -> com.fasterxml.jackson.core.jackson-core
    [mkdir] Created dir: /home/rsigal/git.master.new/Resteasy/jaxrs/jboss-modules/target/mavenized/modules/com/fasterxml/jackson/core/jackson-core/main
     [copy] Copying 1 file to /home/rsigal/git.master.new/Resteasy/jaxrs/jboss-modules/target/mavenized/modules/com/fasterxml/jackson/core/jackson-core/main
     [echo] Initializing module -> com.fasterxml.jackson.core.jackson-databind
    [mkdir] Created dir: /home/rsigal/git.master.new/Resteasy/jaxrs/jboss-modules/target/mavenized/modules/com/fasterxml/jackson/core/jackson-databind/main
     [copy] Copying 1 file to /home/rsigal/git.master.new/Resteasy/jaxrs/jboss-modules/target/mavenized/modules/com/fasterxml/jackson/core/jackson-databind/main
     [echo] Initializing module -> com.fasterxml.jackson.core.jackson-annotations
    [mkdir] Created dir: /home/rsigal/git.master.new/Resteasy/jaxrs/jboss-modules/target/mavenized/modules/com/fasterxml/jackson/core/jackson-annotations/main
     [copy] Copying 1 file to /home/rsigal/git.master.new/Resteasy/jaxrs/jboss-modules/target/mavenized/modules/com/fasterxml/jackson/core/jackson-annotations/main
     [echo] Initializing module -> com.fasterxml.jackson.jaxrs.jackson-jaxrs-json-provider
    [mkdir] Created dir: /home/rsigal/git.master.new/Resteasy/jaxrs/jboss-modules/target/mavenized/modules/com/fasterxml/jackson/jaxrs/jackson-jaxrs-json-provider/main
     [copy] Copying 1 file to /home/rsigal/git.master.new/Resteasy/jaxrs/jboss-modules/target/mavenized/modules/com/fasterxml/jackson/jaxrs/jackson-jaxrs-json-provider/main
     [echo] Initializing module -> javax.ws.rs.api
    [mkdir] Created dir: /home/rsigal/git.master.new/Resteasy/jaxrs/jboss-modules/target/mavenized/modules/javax/ws/rs/api/main
     [copy] Copying 1 file to /home/rsigal/git.master.new/Resteasy/jaxrs/jboss-modules/target/mavenized/modules/javax/ws/rs/api/main
     [echo] Initializing module -> org.jboss.resteasy.resteasy-atom-provider
    [mkdir] Created dir: /home/rsigal/git.master.new/Resteasy/jaxrs/jboss-modules/target/mavenized/modules/org/jboss/resteasy/resteasy-atom-provider/main
     [copy] Copying 1 file to /home/rsigal/git.master.new/Resteasy/jaxrs/jboss-modules/target/mavenized/modules/org/jboss/resteasy/resteasy-atom-provider/main
     [echo] Initializing module -> org.jboss.resteasy.resteasy-cdi
    [mkdir] Created dir: /home/rsigal/git.master.new/Resteasy/jaxrs/jboss-modules/target/mavenized/modules/org/jboss/resteasy/resteasy-cdi/main
     [copy] Copying 1 file to /home/rsigal/git.master.new/Resteasy/jaxrs/jboss-modules/target/mavenized/modules/org/jboss/resteasy/resteasy-cdi/main
     [echo] Initializing module -> org.jboss.resteasy.resteasy-crypto
    [mkdir] Created dir: /home/rsigal/git.master.new/Resteasy/jaxrs/jboss-modules/target/mavenized/modules/org/jboss/resteasy/resteasy-crypto/main
     [copy] Copying 1 file to /home/rsigal/git.master.new/Resteasy/jaxrs/jboss-modules/target/mavenized/modules/org/jboss/resteasy/resteasy-crypto/main
     [echo] Initializing module -> org.jboss.resteasy.resteasy-jackson-provider
    [mkdir] Created dir: /home/rsigal/git.master.new/Resteasy/jaxrs/jboss-modules/target/mavenized/modules/org/jboss/resteasy/resteasy-jackson-provider/main
     [copy] Copying 1 file to /home/rsigal/git.master.new/Resteasy/jaxrs/jboss-modules/target/mavenized/modules/org/jboss/resteasy/resteasy-jackson-provider/main
     [echo] Initializing module -> org.jboss.resteasy.resteasy-jackson2-provider
    [mkdir] Created dir: /home/rsigal/git.master.new/Resteasy/jaxrs/jboss-modules/target/mavenized/modules/org/jboss/resteasy/resteasy-jackson2-provider/main
     [copy] Copying 1 file to /home/rsigal/git.master.new/Resteasy/jaxrs/jboss-modules/target/mavenized/modules/org/jboss/resteasy/resteasy-jackson2-provider/main
     [echo] Initializing module -> org.jboss.resteasy.resteasy-jaxb-provider
    [mkdir] Created dir: /home/rsigal/git.master.new/Resteasy/jaxrs/jboss-modules/target/mavenized/modules/org/jboss/resteasy/resteasy-jaxb-provider/main
     [copy] Copying 1 file to /home/rsigal/git.master.new/Resteasy/jaxrs/jboss-modules/target/mavenized/modules/org/jboss/resteasy/resteasy-jaxb-provider/main
     [echo] Initializing module -> org.jboss.resteasy.resteasy-jettison-provider
    [mkdir] Created dir: /home/rsigal/git.master.new/Resteasy/jaxrs/jboss-modules/target/mavenized/modules/org/jboss/resteasy/resteasy-jettison-provider/main
     [copy] Copying 1 file to /home/rsigal/git.master.new/Resteasy/jaxrs/jboss-modules/target/mavenized/modules/org/jboss/resteasy/resteasy-jettison-provider/main
     [echo] Initializing module -> org.jboss.resteasy.resteasy-jaxrs
    [mkdir] Created dir: /home/rsigal/git.master.new/Resteasy/jaxrs/jboss-modules/target/mavenized/modules/org/jboss/resteasy/resteasy-jaxrs/main
     [copy] Copying 1 file to /home/rsigal/git.master.new/Resteasy/jaxrs/jboss-modules/target/mavenized/modules/org/jboss/resteasy/resteasy-jaxrs/main
     [echo] Initializing module -> org.jboss.resteasy.jose-jwt
    [mkdir] Created dir: /home/rsigal/git.master.new/Resteasy/jaxrs/jboss-modules/target/mavenized/modules/org/jboss/resteasy/jose-jwt/main
     [copy] Copying 1 file to /home/rsigal/git.master.new/Resteasy/jaxrs/jboss-modules/target/mavenized/modules/org/jboss/resteasy/jose-jwt/main
     [echo] Initializing module -> org.jboss.resteasy.resteasy-jsapi
    [mkdir] Created dir: /home/rsigal/git.master.new/Resteasy/jaxrs/jboss-modules/target/mavenized/modules/org/jboss/resteasy/resteasy-jsapi/main
     [copy] Copying 1 file to /home/rsigal/git.master.new/Resteasy/jaxrs/jboss-modules/target/mavenized/modules/org/jboss/resteasy/resteasy-jsapi/main
     [echo] Initializing module -> org.jboss.resteasy.resteasy-multipart-provider
    [mkdir] Created dir: /home/rsigal/git.master.new/Resteasy/jaxrs/jboss-modules/target/mavenized/modules/org/jboss/resteasy/resteasy-multipart-provider/main
     [copy] Copying 1 file to /home/rsigal/git.master.new/Resteasy/jaxrs/jboss-modules/target/mavenized/modules/org/jboss/resteasy/resteasy-multipart-provider/main
     [echo] Initializing module -> org.jboss.resteasy.resteasy-multipart-provider
     [copy] Copying 1 file to /home/rsigal/git.master.new/Resteasy/jaxrs/jboss-modules/target/mavenized/modules/org/jboss/resteasy/resteasy-multipart-provider/main
     [echo] Initializing module -> org.jboss.resteasy.resteasy-validator-provider-11
    [mkdir] Created dir: /home/rsigal/git.master.new/Resteasy/jaxrs/jboss-modules/target/mavenized/modules/org/jboss/resteasy/resteasy-validator-provider-11/main
     [copy] Copying 1 file to /home/rsigal/git.master.new/Resteasy/jaxrs/jboss-modules/target/mavenized/modules/org/jboss/resteasy/resteasy-validator-provider-11/main
     [echo] Initializing module -> org.jboss.resteasy.skeleton-key
    [mkdir] Created dir: /home/rsigal/git.master.new/Resteasy/jaxrs/jboss-modules/target/mavenized/modules/org/jboss/resteasy/skeleton-key/main
     [copy] Copying 1 file to /home/rsigal/git.master.new/Resteasy/jaxrs/jboss-modules/target/mavenized/modules/org/jboss/resteasy/skeleton-key/main
      [zip] Building zip: /home/rsigal/git.master.new/Resteasy/jaxrs/jboss-modules/target/mavenized/resteasy-jboss-modules-wf8-3.0.0.Final.zip

modules:
     [echo] Initializing module -> org.bouncycastle
     [copy] Copying 1 file to /home/rsigal/git.master.new/Resteasy/jaxrs/jboss-modules/target/modules/org/bouncycastle/main
     [echo] Initializing module -> org.codehaus.jackson.jackson-core-asl
     [copy] Copying 1 file to /home/rsigal/git.master.new/Resteasy/jaxrs/jboss-modules/target/modules/org/codehaus/jackson/jackson-core-asl/main
     [echo] Initializing module -> org.codehaus.jackson.jackson-jaxrs
     [copy] Copying 1 file to /home/rsigal/git.master.new/Resteasy/jaxrs/jboss-modules/target/modules/org/codehaus/jackson/jackson-jaxrs/main
     [echo] Initializing module -> org.codehaus.jackson.jackson-mapper-asl
     [copy] Copying 1 file to /home/rsigal/git.master.new/Resteasy/jaxrs/jboss-modules/target/modules/org/codehaus/jackson/jackson-mapper-asl/main
     [echo] Initializing module -> org.codehaus.jackson.jackson-xc
     [copy] Copying 1 file to /home/rsigal/git.master.new/Resteasy/jaxrs/jboss-modules/target/modules/org/codehaus/jackson/jackson-xc/main
     [echo] Initializing module -> org.codehaus.jettison
     [copy] Copying 1 file to /home/rsigal/git.master.new/Resteasy/jaxrs/jboss-modules/target/modules/org/codehaus/jettison/main
     [echo] Initializing module -> com.fasterxml.jackson.core.jackson-core
     [copy] Copying 1 file to /home/rsigal/git.master.new/Resteasy/jaxrs/jboss-modules/target/modules/com/fasterxml/jackson/core/jackson-core/main
     [echo] Initializing module -> com.fasterxml.jackson.core.jackson-databind
     [copy] Copying 1 file to /home/rsigal/git.master.new/Resteasy/jaxrs/jboss-modules/target/modules/com/fasterxml/jackson/core/jackson-databind/main
     [echo] Initializing module -> com.fasterxml.jackson.core.jackson-annotations
     [copy] Copying 1 file to /home/rsigal/git.master.new/Resteasy/jaxrs/jboss-modules/target/modules/com/fasterxml/jackson/core/jackson-annotations/main
     [echo] Initializing module -> com.fasterxml.jackson.jaxrs.jackson-jaxrs-json-provider
     [copy] Copying 1 file to /home/rsigal/git.master.new/Resteasy/jaxrs/jboss-modules/target/modules/com/fasterxml/jackson/jaxrs/jackson-jaxrs-json-provider/main
     [echo] Initializing module -> javax.ws.rs.api
     [copy] Copying 1 file to /home/rsigal/git.master.new/Resteasy/jaxrs/jboss-modules/target/modules/javax/ws/rs/api/main
     [echo] Initializing module -> org.jboss.resteasy.resteasy-atom-provider
     [copy] Copying 1 file to /home/rsigal/git.master.new/Resteasy/jaxrs/jboss-modules/target/modules/org/jboss/resteasy/resteasy-atom-provider/main
     [echo] Initializing module -> org.jboss.resteasy.resteasy-cdi
     [copy] Copying 1 file to /home/rsigal/git.master.new/Resteasy/jaxrs/jboss-modules/target/modules/org/jboss/resteasy/resteasy-cdi/main
     [echo] Initializing module -> org.jboss.resteasy.resteasy-crypto
     [copy] Copying 1 file to /home/rsigal/git.master.new/Resteasy/jaxrs/jboss-modules/target/modules/org/jboss/resteasy/resteasy-crypto/main
     [echo] Initializing module -> org.jboss.resteasy.resteasy-jackson-provider
     [copy] Copying 1 file to /home/rsigal/git.master.new/Resteasy/jaxrs/jboss-modules/target/modules/org/jboss/resteasy/resteasy-jackson-provider/main
     [echo] Initializing module -> org.jboss.resteasy.resteasy-jackson2-provider
     [copy] Copying 1 file to /home/rsigal/git.master.new/Resteasy/jaxrs/jboss-modules/target/modules/org/jboss/resteasy/resteasy-jackson2-provider/main
     [echo] Initializing module -> org.jboss.resteasy.resteasy-jaxb-provider
     [copy] Copying 1 file to /home/rsigal/git.master.new/Resteasy/jaxrs/jboss-modules/target/modules/org/jboss/resteasy/resteasy-jaxb-provider/main
     [echo] Initializing module -> org.jboss.resteasy.resteasy-jettison-provider
     [copy] Copying 1 file to /home/rsigal/git.master.new/Resteasy/jaxrs/jboss-modules/target/modules/org/jboss/resteasy/resteasy-jettison-provider/main
     [echo] Initializing module -> org.jboss.resteasy.resteasy-jaxrs
     [copy] Copying 1 file to /home/rsigal/git.master.new/Resteasy/jaxrs/jboss-modules/target/modules/org/jboss/resteasy/resteasy-jaxrs/main
     [echo] Initializing module -> org.jboss.resteasy.jose-jwt
     [copy] Copying 1 file to /home/rsigal/git.master.new/Resteasy/jaxrs/jboss-modules/target/modules/org/jboss/resteasy/jose-jwt/main
     [echo] Initializing module -> org.jboss.resteasy.resteasy-jsapi
     [copy] Copying 1 file to /home/rsigal/git.master.new/Resteasy/jaxrs/jboss-modules/target/modules/org/jboss/resteasy/resteasy-jsapi/main
     [echo] Initializing module -> org.jboss.resteasy.resteasy-multipart-provider
     [copy] Copying 1 file to /home/rsigal/git.master.new/Resteasy/jaxrs/jboss-modules/target/modules/org/jboss/resteasy/resteasy-multipart-provider/main
     [echo] Initializing module -> org.jboss.resteasy.resteasy-multipart-provider
     [copy] Copying 1 file to /home/rsigal/git.master.new/Resteasy/jaxrs/jboss-modules/target/modules/org/jboss/resteasy/resteasy-multipart-provider/main
     [echo] Initializing module -> org.jboss.resteasy.resteasy-validator-provider-11
    [mkdir] Created dir: /home/rsigal/git.master.new/Resteasy/jaxrs/jboss-modules/target/modules/org/jboss/resteasy/resteasy-validator-provider-11/main
     [copy] Copying 1 file to /home/rsigal/git.master.new/Resteasy/jaxrs/jboss-modules/target/modules/org/jboss/resteasy/resteasy-validator-provider-11/main
     [copy] Copying 1 file to /home/rsigal/git.master.new/Resteasy/jaxrs/jboss-modules/target/modules/org/jboss/resteasy/resteasy-validator-provider-11/main
     [echo] Initializing module -> org.jboss.resteasy.skeleton-key
     [copy] Copying 1 file to /home/rsigal/git.master.new/Resteasy/jaxrs/jboss-modules/target/modules/org/jboss/resteasy/skeleton-key/main
      [zip] Building zip: /home/rsigal/git.master.new/Resteasy/jaxrs/jboss-modules/target/resteasy-jboss-modules-wf8-3.0.0.Final.zip
[INFO] Executed tasks
[INFO] 
[INFO] >>> maven-source-plugin:2.1.2:jar (default) @ resteasy-jboss-modules >>>
[INFO] 
[INFO] <<< maven-source-plugin:2.1.2:jar (default) @ resteasy-jboss-modules <<<
[INFO] 
[INFO] --- maven-source-plugin:2.1.2:jar (default) @ resteasy-jboss-modules ---
[INFO] 
[INFO] --- maven-install-plugin:2.3.1:install (default-install) @ resteasy-jboss-modules ---
[INFO] Installing /home/rsigal/git.master.new/Resteasy/jaxrs/jboss-modules/pom.xml to /home/rsigal/.m2/repository/org/jboss/resteasy/resteasy-jboss-modules/3.0.0.Final/resteasy-jboss-modules-3.0.0.Final.pom
[INFO]                                                                         
[INFO] ------------------------------------------------------------------------
[INFO] Building Heaving Profiling Tests 3.0.0.Final
[INFO] ------------------------------------------------------------------------
[INFO] 
[INFO] --- maven-clean-plugin:2.4.1:clean (default-clean) @ profiling-tests ---
[INFO] Deleting /home/rsigal/git.master.new/Resteasy/jaxrs/profiling-tests/target
[INFO] 
[INFO] --- maven-resources-plugin:2.5:resources (default-resources) @ profiling-tests ---
[debug] execute contextualize
[WARNING] Using platform encoding (UTF-8 actually) to copy filtered resources, i.e. build is platform dependent!
[INFO] skip non existing resourceDirectory /home/rsigal/git.master.new/Resteasy/jaxrs/profiling-tests/src/main/resources
[INFO] 
[INFO] --- maven-compiler-plugin:2.3.1:compile (default-compile) @ profiling-tests ---
[INFO] No sources to compile
[INFO] 
[INFO] --- maven-resources-plugin:2.5:testResources (default-testResources) @ profiling-tests ---
[debug] execute contextualize
[WARNING] Using platform encoding (UTF-8 actually) to copy filtered resources, i.e. build is platform dependent!
[INFO] skip non existing resourceDirectory /home/rsigal/git.master.new/Resteasy/jaxrs/profiling-tests/src/test/resources
[INFO] 
[INFO] --- maven-compiler-plugin:2.3.1:testCompile (default-testCompile) @ profiling-tests ---
[INFO] Compiling 1 source file to /home/rsigal/git.master.new/Resteasy/jaxrs/profiling-tests/target/test-classes
[INFO] 
[INFO] --- maven-surefire-plugin:2.10:test (default-test) @ profiling-tests ---
[INFO] Surefire report directory: /home/rsigal/git.master.new/Resteasy/jaxrs/profiling-tests/target/surefire-reports

-------------------------------------------------------
 T E S T S
-------------------------------------------------------
Running org.jboss.resteasy.test.profiling.ProfilingTest
1000 iterations took 827ms
Tests run: 1, Failures: 0, Errors: 0, Skipped: 0, Time elapsed: 1.153 sec

Results :

Tests run: 1, Failures: 0, Errors: 0, Skipped: 0

[INFO] 
[INFO] --- maven-jar-plugin:2.3.2:jar (default-jar) @ profiling-tests ---
[WARNING] JAR will be empty - no content was marked for inclusion!
[INFO] Building jar: /home/rsigal/git.master.new/Resteasy/jaxrs/profiling-tests/target/profiling-tests-3.0.0.Final.jar
[INFO] 
[INFO] >>> maven-source-plugin:2.1.2:jar (default) @ profiling-tests >>>
[INFO] 
[INFO] <<< maven-source-plugin:2.1.2:jar (default) @ profiling-tests <<<
[INFO] 
[INFO] --- maven-source-plugin:2.1.2:jar (default) @ profiling-tests ---
[INFO] No sources in project. Archive not created.
[INFO] 
[INFO] --- maven-install-plugin:2.3.1:install (default-install) @ profiling-tests ---
[INFO] Installing /home/rsigal/git.master.new/Resteasy/jaxrs/profiling-tests/target/profiling-tests-3.0.0.Final.jar to /home/rsigal/.m2/repository/org/jboss/resteasy/profiling-tests/3.0.0.Final/profiling-tests-3.0.0.Final.jar
[INFO] Installing /home/rsigal/git.master.new/Resteasy/jaxrs/profiling-tests/pom.xml to /home/rsigal/.m2/repository/org/jboss/resteasy/profiling-tests/3.0.0.Final/profiling-tests-3.0.0.Final.pom
[INFO] ------------------------------------------------------------------------
[INFO] Reactor Summary:
[INFO] 
[INFO] Simple Example Secure Application via Valve ....... SUCCESS [1.823s]
[INFO] Simple Example Secure Application via Valve ....... SUCCESS [0.735s]
[INFO] Simple OAuth Client ............................... SUCCESS [0.717s]
[INFO] Simple Client Token Grant Example ................. SUCCESS [0.653s]
[INFO] Resteasy Skeleton Key Examples POM ................ SUCCESS [0.033s]
[INFO] Example: JS-API ................................... SUCCESS [1.517s]
[INFO] smime-example ..................................... SUCCESS [4.094s]
[INFO] doseta-no-dns-example ............................. SUCCESS [4.501s]
[INFO] doseta-use-dns-example ............................ SUCCESS [2.628s]
[INFO] Resteasy Examples ................................. SUCCESS [0.022s]
[INFO] doseta-no-dns-example ............................. SUCCESS [3.712s]
[INFO] chat .............................................. SUCCESS [2.196s]
[INFO] Resteasy Examples ................................. SUCCESS [0.044s]
[INFO] Async HTTP Servlet 3.0 Test ....................... SUCCESS [4.002s]
[INFO] Async Http JBossWeb ............................... SUCCESS [0.036s]
[INFO] Resteasy JBoss Modules ............................ SUCCESS [3.414s]
[INFO] Heaving Profiling Tests ........................... SUCCESS [1.992s]
[INFO] ------------------------------------------------------------------------
[INFO] BUILD SUCCESS
[INFO] ------------------------------------------------------------------------
[INFO] Total time: 33.073s
[INFO] Finished at: Wed Jun 12 03:10:23 EDT 2013
[INFO] Final Memory: 63M/825M
[INFO] ------------------------------------------------------------------------
